[0.018s] Invoking command in '/home/uday22/yolobot/build/yolov8_msgs': CMAKE_PREFIX_PATH=/home/uday22/ros2_ws/install/my_robot_controller:/opt/ros/humble /home/uday22/.local/bin/cmake --build /home/uday22/yolobot/build/yolov8_msgs -- -j12 -l12
[0.068s] -- Found ament_cmake: 1.3.3 (/opt/ros/humble/share/ament_cmake/cmake)
[0.197s] -- Found std_msgs: 4.2.3 (/opt/ros/humble/share/std_msgs/cmake)
[0.227s] -- Found rosidl_generator_c: 3.1.4 (/opt/ros/humble/share/rosidl_generator_c/cmake)
[0.227s] -- Found rosidl_adapter: 3.1.4 (/opt/ros/humble/share/rosidl_adapter/cmake)
[0.235s] -- Found rosidl_generator_cpp: 3.1.4 (/opt/ros/humble/share/rosidl_generator_cpp/cmake)
[0.245s] -- Using all available rosidl_typesupport_c: rosidl_typesupport_fastrtps_c;rosidl_typesupport_introspection_c
[0.259s] -- Using all available rosidl_typesupport_cpp: rosidl_typesupport_fastrtps_cpp;rosidl_typesupport_introspection_cpp
[0.301s] -- Found rosidl_default_generators: 1.2.0 (/opt/ros/humble/share/rosidl_default_generators/cmake)
[0.493s] -- Found ament_cmake_ros: 0.10.0 (/opt/ros/humble/share/ament_cmake_ros/cmake)
[0.737s] -- Using all available rosidl_typesupport_c: rosidl_typesupport_fastrtps_c;rosidl_typesupport_introspection_c
[0.834s] -- Using all available rosidl_typesupport_cpp: rosidl_typesupport_fastrtps_cpp;rosidl_typesupport_introspection_cpp
[0.850s] -- Found python_cmake_module: 0.10.0 (/opt/ros/humble/share/python_cmake_module/cmake)
[0.866s] -- Using PYTHON_EXECUTABLE: /usr/bin/python3
[0.867s] -- Using PYTHON_INCLUDE_DIRS: /usr/include/python3.10
[0.867s] -- Using PYTHON_LIBRARIES: /usr/lib/x86_64-linux-gnu/libpython3.10.so
[0.885s] -- Found ament_lint_auto: 0.12.5 (/opt/ros/humble/share/ament_lint_auto/cmake)
[0.898s] -- Added test 'copyright' to check source files copyright and LICENSE
[0.899s] -- Added test 'lint_cmake' to check CMake code style
[0.900s] -- Added test 'xmllint' to check XML markup files
[0.902s] -- Configuring done
[0.933s] -- Generating done
[0.935s] -- Build files have been written to: /home/uday22/yolobot/build/yolov8_msgs
[0.955s] [35m[1mConsolidate compiler generated dependencies of target yolov8_msgs__rosidl_generator_c[0m
[0.959s] [  2%] Built target yolov8_msgs__cpp
[0.961s] [ 12%] Built target yolov8_msgs__rosidl_generator_c
[0.966s] [35m[1mConsolidate compiler generated dependencies of target yolov8_msgs__rosidl_typesupport_fastrtps_cpp[0m
[0.966s] [35m[1mConsolidate compiler generated dependencies of target yolov8_msgs__rosidl_typesupport_fastrtps_c[0m
[0.966s] [35m[1mConsolidate compiler generated dependencies of target yolov8_msgs__rosidl_typesupport_cpp[0m
[0.966s] [35m[1mConsolidate compiler generated dependencies of target yolov8_msgs__rosidl_typesupport_introspection_c[0m
[0.966s] [35m[1mConsolidate compiler generated dependencies of target yolov8_msgs__rosidl_typesupport_introspection_cpp[0m
[0.967s] [ 12%] Built target ament_cmake_python_copy_yolov8_msgs
[0.968s] [35m[1mConsolidate compiler generated dependencies of target yolov8_msgs__rosidl_typesupport_c[0m
[0.974s] [ 33%] Built target yolov8_msgs__rosidl_typesupport_fastrtps_cpp
[0.974s] [ 33%] Built target yolov8_msgs__rosidl_typesupport_introspection_c
[0.976s] [ 51%] Built target yolov8_msgs__rosidl_typesupport_introspection_cpp
[0.976s] [ 53%] Built target yolov8_msgs__rosidl_typesupport_c
[0.976s] [ 64%] Built target yolov8_msgs__rosidl_typesupport_fastrtps_c
[0.976s] [ 74%] Built target yolov8_msgs__rosidl_typesupport_cpp
[0.987s] [ 74%] Built target yolov8_msgs
[0.998s] [ 76%] Built target yolov8_msgs__py
[1.004s] [35m[1mConsolidate compiler generated dependencies of target yolov8_msgs__rosidl_generator_py[0m
[1.013s] [ 84%] Built target yolov8_msgs__rosidl_generator_py
[1.020s] [35m[1mConsolidate compiler generated dependencies of target yolov8_msgs__rosidl_typesupport_c__pyext[0m
[1.020s] [35m[1mConsolidate compiler generated dependencies of target yolov8_msgs__rosidl_typesupport_fastrtps_c__pyext[0m
[1.020s] [35m[1mConsolidate compiler generated dependencies of target yolov8_msgs__rosidl_typesupport_introspection_c__pyext[0m
[1.028s] [100%] Built target yolov8_msgs__rosidl_typesupport_fastrtps_c__pyext
[1.028s] [100%] Built target yolov8_msgs__rosidl_typesupport_introspection_c__pyext
[1.028s] [100%] Built target yolov8_msgs__rosidl_typesupport_c__pyext
[1.159s] running egg_info
[1.159s] writing yolov8_msgs.egg-info/PKG-INFO
[1.159s] writing dependency_links to yolov8_msgs.egg-info/dependency_links.txt
[1.160s] writing top-level names to yolov8_msgs.egg-info/top_level.txt
[1.162s] reading manifest file 'yolov8_msgs.egg-info/SOURCES.txt'
[1.162s] writing manifest file 'yolov8_msgs.egg-info/SOURCES.txt'
[1.182s] [100%] Built target ament_cmake_python_build_yolov8_msgs_egg
[1.192s] Invoked command in '/home/uday22/yolobot/build/yolov8_msgs' returned '0': CMAKE_PREFIX_PATH=/home/uday22/ros2_ws/install/my_robot_controller:/opt/ros/humble /home/uday22/.local/bin/cmake --build /home/uday22/yolobot/build/yolov8_msgs -- -j12 -l12
[1.243s] Invoking command in '/home/uday22/yolobot/build/yolov8_msgs': CMAKE_PREFIX_PATH=/home/uday22/ros2_ws/install/my_robot_controller:/opt/ros/humble /home/uday22/.local/bin/cmake --install /home/uday22/yolobot/build/yolov8_msgs
[1.262s] -- Install configuration: ""
[1.262s] -- Up-to-date: /home/uday22/yolobot/install/yolov8_msgs/share/ament_index/resource_index/rosidl_interfaces/yolov8_msgs
[1.262s] -- Up-to-date: /home/uday22/yolobot/install/yolov8_msgs/include/yolov8_msgs/yolov8_msgs
[1.262s] -- Up-to-date: /home/uday22/yolobot/install/yolov8_msgs/include/yolov8_msgs/yolov8_msgs/msg
[1.262s] -- Up-to-date: /home/uday22/yolobot/install/yolov8_msgs/include/yolov8_msgs/yolov8_msgs/msg/rosidl_generator_c__visibility_control.h
[1.262s] -- Up-to-date: /home/uday22/yolobot/install/yolov8_msgs/include/yolov8_msgs/yolov8_msgs/msg/inference_result.h
[1.262s] -- Up-to-date: /home/uday22/yolobot/install/yolov8_msgs/include/yolov8_msgs/yolov8_msgs/msg/detail
[1.262s] -- Up-to-date: /home/uday22/yolobot/install/yolov8_msgs/include/yolov8_msgs/yolov8_msgs/msg/detail/inference_result__type_support.h
[1.262s] -- Up-to-date: /home/uday22/yolobot/install/yolov8_msgs/include/yolov8_msgs/yolov8_msgs/msg/detail/yolov8_inference__struct.h
[1.262s] -- Up-to-date: /home/uday22/yolobot/install/yolov8_msgs/include/yolov8_msgs/yolov8_msgs/msg/detail/yolov8_inference__type_support.h
[1.262s] -- Up-to-date: /home/uday22/yolobot/install/yolov8_msgs/include/yolov8_msgs/yolov8_msgs/msg/detail/inference_result__functions.c
[1.262s] -- Up-to-date: /home/uday22/yolobot/install/yolov8_msgs/include/yolov8_msgs/yolov8_msgs/msg/detail/yolov8_inference__functions.h
[1.262s] -- Up-to-date: /home/uday22/yolobot/install/yolov8_msgs/include/yolov8_msgs/yolov8_msgs/msg/detail/inference_result__functions.h
[1.262s] -- Up-to-date: /home/uday22/yolobot/install/yolov8_msgs/include/yolov8_msgs/yolov8_msgs/msg/detail/inference_result__struct.h
[1.262s] -- Up-to-date: /home/uday22/yolobot/install/yolov8_msgs/include/yolov8_msgs/yolov8_msgs/msg/detail/yolov8_inference__functions.c
[1.262s] -- Up-to-date: /home/uday22/yolobot/install/yolov8_msgs/include/yolov8_msgs/yolov8_msgs/msg/yolov8_inference.h
[1.262s] -- Up-to-date: /home/uday22/yolobot/install/yolov8_msgs/share/yolov8_msgs/environment/library_path.sh
[1.262s] -- Installing: /home/uday22/yolobot/install/yolov8_msgs/share/yolov8_msgs/environment/library_path.dsv
[1.266s] -- Up-to-date: /home/uday22/yolobot/install/yolov8_msgs/lib/libyolov8_msgs__rosidl_generator_c.so
[1.267s] -- Up-to-date: /home/uday22/yolobot/install/yolov8_msgs/include/yolov8_msgs/yolov8_msgs
[1.267s] -- Up-to-date: /home/uday22/yolobot/install/yolov8_msgs/include/yolov8_msgs/yolov8_msgs/msg
[1.267s] -- Up-to-date: /home/uday22/yolobot/install/yolov8_msgs/include/yolov8_msgs/yolov8_msgs/msg/detail
[1.267s] -- Up-to-date: /home/uday22/yolobot/install/yolov8_msgs/include/yolov8_msgs/yolov8_msgs/msg/detail/inference_result__rosidl_typesupport_fastrtps_c.h
[1.267s] -- Up-to-date: /home/uday22/yolobot/install/yolov8_msgs/include/yolov8_msgs/yolov8_msgs/msg/detail/yolov8_inference__rosidl_typesupport_fastrtps_c.h
[1.267s] -- Up-to-date: /home/uday22/yolobot/install/yolov8_msgs/include/yolov8_msgs/yolov8_msgs/msg/rosidl_typesupport_fastrtps_c__visibility_control.h
[1.267s] -- Up-to-date: /home/uday22/yolobot/install/yolov8_msgs/lib/libyolov8_msgs__rosidl_typesupport_fastrtps_c.so
[1.267s] -- Up-to-date: /home/uday22/yolobot/install/yolov8_msgs/include/yolov8_msgs/yolov8_msgs
[1.267s] -- Up-to-date: /home/uday22/yolobot/install/yolov8_msgs/include/yolov8_msgs/yolov8_msgs/msg
[1.267s] -- Up-to-date: /home/uday22/yolobot/install/yolov8_msgs/include/yolov8_msgs/yolov8_msgs/msg/detail
[1.268s] -- Up-to-date: /home/uday22/yolobot/install/yolov8_msgs/include/yolov8_msgs/yolov8_msgs/msg/detail/yolov8_inference__traits.hpp
[1.268s] -- Up-to-date: /home/uday22/yolobot/install/yolov8_msgs/include/yolov8_msgs/yolov8_msgs/msg/detail/inference_result__traits.hpp
[1.268s] -- Up-to-date: /home/uday22/yolobot/install/yolov8_msgs/include/yolov8_msgs/yolov8_msgs/msg/detail/yolov8_inference__builder.hpp
[1.268s] -- Up-to-date: /home/uday22/yolobot/install/yolov8_msgs/include/yolov8_msgs/yolov8_msgs/msg/detail/inference_result__struct.hpp
[1.268s] -- Up-to-date: /home/uday22/yolobot/install/yolov8_msgs/include/yolov8_msgs/yolov8_msgs/msg/detail/inference_result__builder.hpp
[1.268s] -- Up-to-date: /home/uday22/yolobot/install/yolov8_msgs/include/yolov8_msgs/yolov8_msgs/msg/detail/yolov8_inference__struct.hpp
[1.268s] -- Up-to-date: /home/uday22/yolobot/install/yolov8_msgs/include/yolov8_msgs/yolov8_msgs/msg/yolov8_inference.hpp
[1.268s] -- Up-to-date: /home/uday22/yolobot/install/yolov8_msgs/include/yolov8_msgs/yolov8_msgs/msg/inference_result.hpp
[1.268s] -- Up-to-date: /home/uday22/yolobot/install/yolov8_msgs/include/yolov8_msgs/yolov8_msgs
[1.268s] -- Up-to-date: /home/uday22/yolobot/install/yolov8_msgs/include/yolov8_msgs/yolov8_msgs/msg
[1.268s] -- Up-to-date: /home/uday22/yolobot/install/yolov8_msgs/include/yolov8_msgs/yolov8_msgs/msg/rosidl_typesupport_fastrtps_cpp__visibility_control.h
[1.268s] -- Up-to-date: /home/uday22/yolobot/install/yolov8_msgs/include/yolov8_msgs/yolov8_msgs/msg/detail
[1.268s] -- Up-to-date: /home/uday22/yolobot/install/yolov8_msgs/include/yolov8_msgs/yolov8_msgs/msg/detail/dds_fastrtps
[1.268s] -- Up-to-date: /home/uday22/yolobot/install/yolov8_msgs/include/yolov8_msgs/yolov8_msgs/msg/detail/yolov8_inference__rosidl_typesupport_fastrtps_cpp.hpp
[1.268s] -- Up-to-date: /home/uday22/yolobot/install/yolov8_msgs/include/yolov8_msgs/yolov8_msgs/msg/detail/inference_result__rosidl_typesupport_fastrtps_cpp.hpp
[1.268s] -- Up-to-date: /home/uday22/yolobot/install/yolov8_msgs/lib/libyolov8_msgs__rosidl_typesupport_fastrtps_cpp.so
[1.268s] -- Up-to-date: /home/uday22/yolobot/install/yolov8_msgs/include/yolov8_msgs/yolov8_msgs
[1.268s] -- Up-to-date: /home/uday22/yolobot/install/yolov8_msgs/include/yolov8_msgs/yolov8_msgs/msg
[1.268s] -- Up-to-date: /home/uday22/yolobot/install/yolov8_msgs/include/yolov8_msgs/yolov8_msgs/msg/detail
[1.269s] -- Up-to-date: /home/uday22/yolobot/install/yolov8_msgs/include/yolov8_msgs/yolov8_msgs/msg/detail/yolov8_inference__rosidl_typesupport_introspection_c.h
[1.269s] -- Up-to-date: /home/uday22/yolobot/install/yolov8_msgs/include/yolov8_msgs/yolov8_msgs/msg/detail/inference_result__type_support.c
[1.269s] -- Up-to-date: /home/uday22/yolobot/install/yolov8_msgs/include/yolov8_msgs/yolov8_msgs/msg/detail/yolov8_inference__type_support.c
[1.269s] -- Up-to-date: /home/uday22/yolobot/install/yolov8_msgs/include/yolov8_msgs/yolov8_msgs/msg/detail/inference_result__rosidl_typesupport_introspection_c.h
[1.269s] -- Up-to-date: /home/uday22/yolobot/install/yolov8_msgs/include/yolov8_msgs/yolov8_msgs/msg/rosidl_typesupport_introspection_c__visibility_control.h
[1.269s] -- Up-to-date: /home/uday22/yolobot/install/yolov8_msgs/lib/libyolov8_msgs__rosidl_typesupport_introspection_c.so
[1.269s] -- Up-to-date: /home/uday22/yolobot/install/yolov8_msgs/lib/libyolov8_msgs__rosidl_typesupport_c.so
[1.269s] -- Up-to-date: /home/uday22/yolobot/install/yolov8_msgs/include/yolov8_msgs/yolov8_msgs
[1.269s] -- Up-to-date: /home/uday22/yolobot/install/yolov8_msgs/include/yolov8_msgs/yolov8_msgs/msg
[1.269s] -- Up-to-date: /home/uday22/yolobot/install/yolov8_msgs/include/yolov8_msgs/yolov8_msgs/msg/detail
[1.269s] -- Up-to-date: /home/uday22/yolobot/install/yolov8_msgs/include/yolov8_msgs/yolov8_msgs/msg/detail/yolov8_inference__type_support.cpp
[1.269s] -- Up-to-date: /home/uday22/yolobot/install/yolov8_msgs/include/yolov8_msgs/yolov8_msgs/msg/detail/inference_result__type_support.cpp
[1.269s] -- Up-to-date: /home/uday22/yolobot/install/yolov8_msgs/include/yolov8_msgs/yolov8_msgs/msg/detail/inference_result__rosidl_typesupport_introspection_cpp.hpp
[1.269s] -- Up-to-date: /home/uday22/yolobot/install/yolov8_msgs/include/yolov8_msgs/yolov8_msgs/msg/detail/yolov8_inference__rosidl_typesupport_introspection_cpp.hpp
[1.269s] -- Up-to-date: /home/uday22/yolobot/install/yolov8_msgs/lib/libyolov8_msgs__rosidl_typesupport_introspection_cpp.so
[1.269s] -- Up-to-date: /home/uday22/yolobot/install/yolov8_msgs/lib/libyolov8_msgs__rosidl_typesupport_cpp.so
[1.269s] -- Up-to-date: /home/uday22/yolobot/install/yolov8_msgs/share/yolov8_msgs/environment/pythonpath.sh
[1.269s] -- Installing: /home/uday22/yolobot/install/yolov8_msgs/share/yolov8_msgs/environment/pythonpath.dsv
[1.270s] -- Up-to-date: /home/uday22/yolobot/install/yolov8_msgs/local/lib/python3.10/dist-packages/yolov8_msgs-0.0.0-py3.10.egg-info
[1.270s] -- Installing: /home/uday22/yolobot/install/yolov8_msgs/local/lib/python3.10/dist-packages/yolov8_msgs-0.0.0-py3.10.egg-info/top_level.txt
[1.270s] -- Installing: /home/uday22/yolobot/install/yolov8_msgs/local/lib/python3.10/dist-packages/yolov8_msgs-0.0.0-py3.10.egg-info/dependency_links.txt
[1.270s] -- Installing: /home/uday22/yolobot/install/yolov8_msgs/local/lib/python3.10/dist-packages/yolov8_msgs-0.0.0-py3.10.egg-info/SOURCES.txt
[1.270s] -- Installing: /home/uday22/yolobot/install/yolov8_msgs/local/lib/python3.10/dist-packages/yolov8_msgs-0.0.0-py3.10.egg-info/PKG-INFO
[1.270s] -- Up-to-date: /home/uday22/yolobot/install/yolov8_msgs/local/lib/python3.10/dist-packages/yolov8_msgs
[1.270s] -- Up-to-date: /home/uday22/yolobot/install/yolov8_msgs/local/lib/python3.10/dist-packages/yolov8_msgs/yolov8_msgs_s__rosidl_typesupport_fastrtps_c.cpython-310-x86_64-linux-gnu.so
[1.270s] -- Up-to-date: /home/uday22/yolobot/install/yolov8_msgs/local/lib/python3.10/dist-packages/yolov8_msgs/_yolov8_msgs_s.ep.rosidl_typesupport_c.c
[1.270s] -- Up-to-date: /home/uday22/yolobot/install/yolov8_msgs/local/lib/python3.10/dist-packages/yolov8_msgs/msg
[1.270s] -- Up-to-date: /home/uday22/yolobot/install/yolov8_msgs/local/lib/python3.10/dist-packages/yolov8_msgs/msg/_inference_result.py
[1.270s] -- Up-to-date: /home/uday22/yolobot/install/yolov8_msgs/local/lib/python3.10/dist-packages/yolov8_msgs/msg/_yolov8_inference_s.c
[1.270s] -- Up-to-date: /home/uday22/yolobot/install/yolov8_msgs/local/lib/python3.10/dist-packages/yolov8_msgs/msg/_yolov8_inference.py
[1.270s] -- Up-to-date: /home/uday22/yolobot/install/yolov8_msgs/local/lib/python3.10/dist-packages/yolov8_msgs/msg/_inference_result_s.c
[1.270s] -- Up-to-date: /home/uday22/yolobot/install/yolov8_msgs/local/lib/python3.10/dist-packages/yolov8_msgs/msg/__init__.py
[1.270s] -- Up-to-date: /home/uday22/yolobot/install/yolov8_msgs/local/lib/python3.10/dist-packages/yolov8_msgs/yolov8_msgs_s__rosidl_typesupport_introspection_c.cpython-310-x86_64-linux-gnu.so
[1.270s] -- Up-to-date: /home/uday22/yolobot/install/yolov8_msgs/local/lib/python3.10/dist-packages/yolov8_msgs/yolov8_msgs_s__rosidl_typesupport_c.cpython-310-x86_64-linux-gnu.so
[1.270s] -- Up-to-date: /home/uday22/yolobot/install/yolov8_msgs/local/lib/python3.10/dist-packages/yolov8_msgs/_yolov8_msgs_s.ep.rosidl_typesupport_introspection_c.c
[1.270s] -- Up-to-date: /home/uday22/yolobot/install/yolov8_msgs/local/lib/python3.10/dist-packages/yolov8_msgs/_yolov8_msgs_s.ep.rosidl_typesupport_fastrtps_c.c
[1.271s] -- Up-to-date: /home/uday22/yolobot/install/yolov8_msgs/local/lib/python3.10/dist-packages/yolov8_msgs/libyolov8_msgs__rosidl_generator_py.so
[1.271s] -- Installing: /home/uday22/yolobot/install/yolov8_msgs/local/lib/python3.10/dist-packages/yolov8_msgs/__init__.py
[1.292s] Listing '/home/uday22/yolobot/install/yolov8_msgs/local/lib/python3.10/dist-packages/yolov8_msgs'...
[1.292s] Compiling '/home/uday22/yolobot/install/yolov8_msgs/local/lib/python3.10/dist-packages/yolov8_msgs/__init__.py'...
[1.292s] Listing '/home/uday22/yolobot/install/yolov8_msgs/local/lib/python3.10/dist-packages/yolov8_msgs/msg'...
[1.296s] -- Up-to-date: /home/uday22/yolobot/install/yolov8_msgs/local/lib/python3.10/dist-packages/yolov8_msgs/yolov8_msgs_s__rosidl_typesupport_fastrtps_c.cpython-310-x86_64-linux-gnu.so
[1.296s] -- Up-to-date: /home/uday22/yolobot/install/yolov8_msgs/local/lib/python3.10/dist-packages/yolov8_msgs/yolov8_msgs_s__rosidl_typesupport_introspection_c.cpython-310-x86_64-linux-gnu.so
[1.296s] -- Up-to-date: /home/uday22/yolobot/install/yolov8_msgs/local/lib/python3.10/dist-packages/yolov8_msgs/yolov8_msgs_s__rosidl_typesupport_c.cpython-310-x86_64-linux-gnu.so
[1.297s] -- Up-to-date: /home/uday22/yolobot/install/yolov8_msgs/lib/libyolov8_msgs__rosidl_generator_py.so
[1.297s] -- Up-to-date: /home/uday22/yolobot/install/yolov8_msgs/share/yolov8_msgs/msg/InferenceResult.idl
[1.297s] -- Up-to-date: /home/uday22/yolobot/install/yolov8_msgs/share/yolov8_msgs/msg/Yolov8Inference.idl
[1.297s] -- Up-to-date: /home/uday22/yolobot/install/yolov8_msgs/share/yolov8_msgs/msg/InferenceResult.msg
[1.297s] -- Up-to-date: /home/uday22/yolobot/install/yolov8_msgs/share/yolov8_msgs/msg/Yolov8Inference.msg
[1.297s] -- Up-to-date: /home/uday22/yolobot/install/yolov8_msgs/share/ament_index/resource_index/package_run_dependencies/yolov8_msgs
[1.297s] -- Up-to-date: /home/uday22/yolobot/install/yolov8_msgs/share/ament_index/resource_index/parent_prefix_path/yolov8_msgs
[1.297s] -- Up-to-date: /home/uday22/yolobot/install/yolov8_msgs/share/yolov8_msgs/environment/ament_prefix_path.sh
[1.297s] -- Installing: /home/uday22/yolobot/install/yolov8_msgs/share/yolov8_msgs/environment/ament_prefix_path.dsv
[1.297s] -- Up-to-date: /home/uday22/yolobot/install/yolov8_msgs/share/yolov8_msgs/environment/path.sh
[1.297s] -- Installing: /home/uday22/yolobot/install/yolov8_msgs/share/yolov8_msgs/environment/path.dsv
[1.297s] -- Up-to-date: /home/uday22/yolobot/install/yolov8_msgs/share/yolov8_msgs/local_setup.bash
[1.298s] -- Up-to-date: /home/uday22/yolobot/install/yolov8_msgs/share/yolov8_msgs/local_setup.sh
[1.298s] -- Up-to-date: /home/uday22/yolobot/install/yolov8_msgs/share/yolov8_msgs/local_setup.zsh
[1.298s] -- Installing: /home/uday22/yolobot/install/yolov8_msgs/share/yolov8_msgs/local_setup.dsv
[1.298s] -- Installing: /home/uday22/yolobot/install/yolov8_msgs/share/yolov8_msgs/package.dsv
[1.298s] -- Up-to-date: /home/uday22/yolobot/install/yolov8_msgs/share/ament_index/resource_index/packages/yolov8_msgs
[1.298s] -- Up-to-date: /home/uday22/yolobot/install/yolov8_msgs/share/yolov8_msgs/cmake/export_yolov8_msgs__rosidl_generator_cExport.cmake
[1.298s] -- Up-to-date: /home/uday22/yolobot/install/yolov8_msgs/share/yolov8_msgs/cmake/export_yolov8_msgs__rosidl_generator_cExport-noconfig.cmake
[1.298s] -- Up-to-date: /home/uday22/yolobot/install/yolov8_msgs/share/yolov8_msgs/cmake/export_yolov8_msgs__rosidl_typesupport_fastrtps_cExport.cmake
[1.298s] -- Up-to-date: /home/uday22/yolobot/install/yolov8_msgs/share/yolov8_msgs/cmake/export_yolov8_msgs__rosidl_typesupport_fastrtps_cExport-noconfig.cmake
[1.298s] -- Up-to-date: /home/uday22/yolobot/install/yolov8_msgs/share/yolov8_msgs/cmake/export_yolov8_msgs__rosidl_generator_cppExport.cmake
[1.298s] -- Up-to-date: /home/uday22/yolobot/install/yolov8_msgs/share/yolov8_msgs/cmake/export_yolov8_msgs__rosidl_typesupport_fastrtps_cppExport.cmake
[1.298s] -- Up-to-date: /home/uday22/yolobot/install/yolov8_msgs/share/yolov8_msgs/cmake/export_yolov8_msgs__rosidl_typesupport_fastrtps_cppExport-noconfig.cmake
[1.299s] -- Up-to-date: /home/uday22/yolobot/install/yolov8_msgs/share/yolov8_msgs/cmake/yolov8_msgs__rosidl_typesupport_introspection_cExport.cmake
[1.299s] -- Up-to-date: /home/uday22/yolobot/install/yolov8_msgs/share/yolov8_msgs/cmake/yolov8_msgs__rosidl_typesupport_introspection_cExport-noconfig.cmake
[1.299s] -- Up-to-date: /home/uday22/yolobot/install/yolov8_msgs/share/yolov8_msgs/cmake/yolov8_msgs__rosidl_typesupport_cExport.cmake
[1.299s] -- Up-to-date: /home/uday22/yolobot/install/yolov8_msgs/share/yolov8_msgs/cmake/yolov8_msgs__rosidl_typesupport_cExport-noconfig.cmake
[1.299s] -- Up-to-date: /home/uday22/yolobot/install/yolov8_msgs/share/yolov8_msgs/cmake/yolov8_msgs__rosidl_typesupport_introspection_cppExport.cmake
[1.299s] -- Up-to-date: /home/uday22/yolobot/install/yolov8_msgs/share/yolov8_msgs/cmake/yolov8_msgs__rosidl_typesupport_introspection_cppExport-noconfig.cmake
[1.299s] -- Up-to-date: /home/uday22/yolobot/install/yolov8_msgs/share/yolov8_msgs/cmake/yolov8_msgs__rosidl_typesupport_cppExport.cmake
[1.299s] -- Up-to-date: /home/uday22/yolobot/install/yolov8_msgs/share/yolov8_msgs/cmake/yolov8_msgs__rosidl_typesupport_cppExport-noconfig.cmake
[1.299s] -- Up-to-date: /home/uday22/yolobot/install/yolov8_msgs/share/yolov8_msgs/cmake/export_yolov8_msgs__rosidl_generator_pyExport.cmake
[1.299s] -- Up-to-date: /home/uday22/yolobot/install/yolov8_msgs/share/yolov8_msgs/cmake/export_yolov8_msgs__rosidl_generator_pyExport-noconfig.cmake
[1.299s] -- Up-to-date: /home/uday22/yolobot/install/yolov8_msgs/share/yolov8_msgs/cmake/rosidl_cmake-extras.cmake
[1.299s] -- Up-to-date: /home/uday22/yolobot/install/yolov8_msgs/share/yolov8_msgs/cmake/ament_cmake_export_dependencies-extras.cmake
[1.300s] -- Up-to-date: /home/uday22/yolobot/install/yolov8_msgs/share/yolov8_msgs/cmake/ament_cmake_export_include_directories-extras.cmake
[1.300s] -- Up-to-date: /home/uday22/yolobot/install/yolov8_msgs/share/yolov8_msgs/cmake/ament_cmake_export_libraries-extras.cmake
[1.300s] -- Up-to-date: /home/uday22/yolobot/install/yolov8_msgs/share/yolov8_msgs/cmake/ament_cmake_export_targets-extras.cmake
[1.300s] -- Up-to-date: /home/uday22/yolobot/install/yolov8_msgs/share/yolov8_msgs/cmake/rosidl_cmake_export_typesupport_targets-extras.cmake
[1.300s] -- Up-to-date: /home/uday22/yolobot/install/yolov8_msgs/share/yolov8_msgs/cmake/rosidl_cmake_export_typesupport_libraries-extras.cmake
[1.300s] -- Up-to-date: /home/uday22/yolobot/install/yolov8_msgs/share/yolov8_msgs/cmake/yolov8_msgsConfig.cmake
[1.300s] -- Up-to-date: /home/uday22/yolobot/install/yolov8_msgs/share/yolov8_msgs/cmake/yolov8_msgsConfig-version.cmake
[1.300s] -- Up-to-date: /home/uday22/yolobot/install/yolov8_msgs/share/yolov8_msgs/package.xml
[1.306s] Invoked command in '/home/uday22/yolobot/build/yolov8_msgs' returned '0': CMAKE_PREFIX_PATH=/home/uday22/ros2_ws/install/my_robot_controller:/opt/ros/humble /home/uday22/.local/bin/cmake --install /home/uday22/yolobot/build/yolov8_msgs
