[0.017s] Invoking command in '/home/uday22/yolobot/build/yolobot_description': CMAKE_PREFIX_PATH=/home/uday22/ros2_ws/install/my_robot_controller:/opt/ros/humble /usr/bin/cmake /home/uday22/yolobot/src/yolobot_description -DCMAKE_INSTALL_PREFIX=/home/uday22/yolobot/install/yolobot_description
[0.100s] -- The C compiler identification is GNU 11.3.0
[0.172s] -- The CXX compiler identification is GNU 11.3.0
[0.179s] -- Detecting C compiler ABI info
[0.226s] -- Detecting C compiler ABI info - done
[0.235s] -- Check for working C compiler: /usr/bin/cc - skipped
[0.236s] -- Detecting C compile features
[0.236s] -- Detecting C compile features - done
[0.239s] -- Detecting CXX compiler ABI info
[0.290s] -- Detecting CXX compiler ABI info - done
[0.295s] -- Check for working CXX compiler: /usr/bin/c++ - skipped
[0.295s] -- Detecting CXX compile features
[0.296s] -- Detecting CXX compile features - done
[0.299s] -- Found ament_cmake: 1.3.3 (/opt/ros/humble/share/ament_cmake/cmake)
[0.422s] -- Found Python3: /usr/bin/python3.10 (found version "3.10.6") found components: Interpreter 
[0.504s] -- Found urdf: 2.6.0 (/opt/ros/humble/share/urdf/cmake)
[0.555s] -- Found ament_lint_auto: 0.12.5 (/opt/ros/humble/share/ament_lint_auto/cmake)
[0.614s] -- Added test 'copyright' to check source files copyright and LICENSE
[0.615s] -- Added test 'flake8' to check Python code syntax and style conventions
[0.616s] -- Added test 'lint_cmake' to check CMake code style
[0.616s] -- Added test 'pep257' to check Python code against some of the docstring style conventions in PEP 257
[0.617s] -- Added test 'xmllint' to check XML markup files
[0.617s] -- Configuring done
[0.620s] -- Generating done
[0.621s] -- Build files have been written to: /home/uday22/yolobot/build/yolobot_description
[0.631s] Invoked command in '/home/uday22/yolobot/build/yolobot_description' returned '0': CMAKE_PREFIX_PATH=/home/uday22/ros2_ws/install/my_robot_controller:/opt/ros/humble /usr/bin/cmake /home/uday22/yolobot/src/yolobot_description -DCMAKE_INSTALL_PREFIX=/home/uday22/yolobot/install/yolobot_description
[0.632s] Invoking command in '/home/uday22/yolobot/build/yolobot_description': CMAKE_PREFIX_PATH=/home/uday22/ros2_ws/install/my_robot_controller:/opt/ros/humble /usr/bin/cmake --build /home/uday22/yolobot/build/yolobot_description -- -j12 -l12
[0.669s] Invoked command in '/home/uday22/yolobot/build/yolobot_description' returned '0': CMAKE_PREFIX_PATH=/home/uday22/ros2_ws/install/my_robot_controller:/opt/ros/humble /usr/bin/cmake --build /home/uday22/yolobot/build/yolobot_description -- -j12 -l12
[0.695s] Invoking command in '/home/uday22/yolobot/build/yolobot_description': CMAKE_PREFIX_PATH=/home/uday22/ros2_ws/install/my_robot_controller:/opt/ros/humble /usr/bin/cmake --install /home/uday22/yolobot/build/yolobot_description
[0.700s] -- Install configuration: ""
[0.701s] -- Installing: /home/uday22/yolobot/install/yolobot_description/share/yolobot_description//launch
[0.701s] -- Installing: /home/uday22/yolobot/install/yolobot_description/share/yolobot_description//launch/spawn_yolobot.py
[0.701s] -- Installing: /home/uday22/yolobot/install/yolobot_description/share/yolobot_description//launch/spawn_yolobot_launch.launch.py
[0.701s] -- Installing: /home/uday22/yolobot/install/yolobot_description/share/yolobot_description//robot
[0.701s] -- Installing: /home/uday22/yolobot/install/yolobot_description/share/yolobot_description//robot/yolobot.urdf
[0.701s] -- Installing: /home/uday22/yolobot/install/yolobot_description/lib/yolobot_description/spawn_yolobot.py
[0.701s] -- Installing: /home/uday22/yolobot/install/yolobot_description/share/ament_index/resource_index/package_run_dependencies/yolobot_description
[0.701s] -- Installing: /home/uday22/yolobot/install/yolobot_description/share/ament_index/resource_index/parent_prefix_path/yolobot_description
[0.701s] -- Installing: /home/uday22/yolobot/install/yolobot_description/share/yolobot_description/environment/ament_prefix_path.sh
[0.702s] -- Installing: /home/uday22/yolobot/install/yolobot_description/share/yolobot_description/environment/ament_prefix_path.dsv
[0.702s] -- Installing: /home/uday22/yolobot/install/yolobot_description/share/yolobot_description/environment/path.sh
[0.702s] -- Installing: /home/uday22/yolobot/install/yolobot_description/share/yolobot_description/environment/path.dsv
[0.702s] -- Installing: /home/uday22/yolobot/install/yolobot_description/share/yolobot_description/local_setup.bash
[0.702s] -- Installing: /home/uday22/yolobot/install/yolobot_description/share/yolobot_description/local_setup.sh
[0.702s] -- Installing: /home/uday22/yolobot/install/yolobot_description/share/yolobot_description/local_setup.zsh
[0.702s] -- Installing: /home/uday22/yolobot/install/yolobot_description/share/yolobot_description/local_setup.dsv
[0.702s] -- Installing: /home/uday22/yolobot/install/yolobot_description/share/yolobot_description/package.dsv
[0.702s] -- Installing: /home/uday22/yolobot/install/yolobot_description/share/ament_index/resource_index/packages/yolobot_description
[0.702s] -- Installing: /home/uday22/yolobot/install/yolobot_description/share/yolobot_description/cmake/yolobot_descriptionConfig.cmake
[0.703s] -- Installing: /home/uday22/yolobot/install/yolobot_description/share/yolobot_description/cmake/yolobot_descriptionConfig-version.cmake
[0.703s] -- Installing: /home/uday22/yolobot/install/yolobot_description/share/yolobot_description/package.xml
[0.704s] Invoked command in '/home/uday22/yolobot/build/yolobot_description' returned '0': CMAKE_PREFIX_PATH=/home/uday22/ros2_ws/install/my_robot_controller:/opt/ros/humble /usr/bin/cmake --install /home/uday22/yolobot/build/yolobot_description
