[0.017s] Invoking command in '/home/uday22/yolobot/build/yolobot_gazebo': CMAKE_PREFIX_PATH=/home/uday22/ros2_ws/install/my_robot_controller:/opt/ros/humble /home/uday22/.local/bin/cmake --build /home/uday22/yolobot/build/yolobot_gazebo -- -j12 -l12
[0.086s] Invoked command in '/home/uday22/yolobot/build/yolobot_gazebo' returned '0': CMAKE_PREFIX_PATH=/home/uday22/ros2_ws/install/my_robot_controller:/opt/ros/humble /home/uday22/.local/bin/cmake --build /home/uday22/yolobot/build/yolobot_gazebo -- -j12 -l12
[0.142s] Invoking command in '/home/uday22/yolobot/build/yolobot_gazebo': CMAKE_PREFIX_PATH=/home/uday22/ros2_ws/install/my_robot_controller:/opt/ros/humble /home/uday22/.local/bin/cmake --install /home/uday22/yolobot/build/yolobot_gazebo
[0.163s] -- Install configuration: ""
[0.163s] -- Up-to-date: /home/uday22/yolobot/install/yolobot_gazebo/share/yolobot_gazebo//launch
[0.163s] -- Up-to-date: /home/uday22/yolobot/install/yolobot_gazebo/share/yolobot_gazebo//launch/start_world_launch.py
[0.163s] -- Up-to-date: /home/uday22/yolobot/install/yolobot_gazebo/share/yolobot_gazebo//launch/yolobot_launch.py
[0.163s] -- Up-to-date: /home/uday22/yolobot/install/yolobot_gazebo/share/yolobot_gazebo//worlds
[0.163s] -- Up-to-date: /home/uday22/yolobot/install/yolobot_gazebo/share/yolobot_gazebo//worlds/yolo_test.world
[0.164s] -- Up-to-date: /home/uday22/yolobot/install/yolobot_gazebo/share/ament_index/resource_index/package_run_dependencies/yolobot_gazebo
[0.164s] -- Up-to-date: /home/uday22/yolobot/install/yolobot_gazebo/share/ament_index/resource_index/parent_prefix_path/yolobot_gazebo
[0.164s] -- Up-to-date: /home/uday22/yolobot/install/yolobot_gazebo/share/yolobot_gazebo/environment/ament_prefix_path.sh
[0.164s] -- Up-to-date: /home/uday22/yolobot/install/yolobot_gazebo/share/yolobot_gazebo/environment/ament_prefix_path.dsv
[0.164s] -- Up-to-date: /home/uday22/yolobot/install/yolobot_gazebo/share/yolobot_gazebo/environment/path.sh
[0.164s] -- Up-to-date: /home/uday22/yolobot/install/yolobot_gazebo/share/yolobot_gazebo/environment/path.dsv
[0.164s] -- Up-to-date: /home/uday22/yolobot/install/yolobot_gazebo/share/yolobot_gazebo/local_setup.bash
[0.164s] -- Up-to-date: /home/uday22/yolobot/install/yolobot_gazebo/share/yolobot_gazebo/local_setup.sh
[0.164s] -- Up-to-date: /home/uday22/yolobot/install/yolobot_gazebo/share/yolobot_gazebo/local_setup.zsh
[0.164s] -- Up-to-date: /home/uday22/yolobot/install/yolobot_gazebo/share/yolobot_gazebo/local_setup.dsv
[0.164s] -- Up-to-date: /home/uday22/yolobot/install/yolobot_gazebo/share/yolobot_gazebo/package.dsv
[0.164s] -- Up-to-date: /home/uday22/yolobot/install/yolobot_gazebo/share/ament_index/resource_index/packages/yolobot_gazebo
[0.165s] -- Up-to-date: /home/uday22/yolobot/install/yolobot_gazebo/share/yolobot_gazebo/cmake/yolobot_gazeboConfig.cmake
[0.165s] -- Up-to-date: /home/uday22/yolobot/install/yolobot_gazebo/share/yolobot_gazebo/cmake/yolobot_gazeboConfig-version.cmake
[0.165s] -- Up-to-date: /home/uday22/yolobot/install/yolobot_gazebo/share/yolobot_gazebo/package.xml
[0.196s] Invoked command in '/home/uday22/yolobot/build/yolobot_gazebo' returned '0': CMAKE_PREFIX_PATH=/home/uday22/ros2_ws/install/my_robot_controller:/opt/ros/humble /home/uday22/.local/bin/cmake --install /home/uday22/yolobot/build/yolobot_gazebo
