[0.013s] Invoking command in '/home/uday22/yolobot/build/yolov8_msgs': CMAKE_PREFIX_PATH=/home/uday22/ros2_ws/install/my_robot_controller:/opt/ros/humble /usr/bin/cmake /home/uday22/yolobot/src/yolov8_msgs -DCMAKE_INSTALL_PREFIX=/home/uday22/yolobot/install/yolov8_msgs
[0.092s] -- The C compiler identification is GNU 11.3.0
[0.162s] -- The CXX compiler identification is GNU 11.3.0
[0.170s] -- Detecting C compiler ABI info
[0.217s] -- Detecting C compiler ABI info - done
[0.222s] -- Check for working C compiler: /usr/bin/cc - skipped
[0.223s] -- Detecting C compile features
[0.223s] -- Detecting C compile features - done
[0.226s] -- Detecting CXX compiler ABI info
[0.278s] -- Detecting CXX compiler ABI info - done
[0.287s] -- Check for working CXX compiler: /usr/bin/c++ - skipped
[0.287s] -- Detecting CXX compile features
[0.287s] -- Detecting CXX compile features - done
[0.290s] -- Found ament_cmake: 1.3.3 (/opt/ros/humble/share/ament_cmake/cmake)
[0.418s] -- Found Python3: /usr/bin/python3.10 (found version "3.10.6") found components: Interpreter 
[0.493s] -- Found std_msgs: 4.2.3 (/opt/ros/humble/share/std_msgs/cmake)
[0.531s] -- Found rosidl_generator_c: 3.1.4 (/opt/ros/humble/share/rosidl_generator_c/cmake)
[0.536s] -- Found rosidl_adapter: 3.1.4 (/opt/ros/humble/share/rosidl_adapter/cmake)
[0.545s] -- Found rosidl_generator_cpp: 3.1.4 (/opt/ros/humble/share/rosidl_generator_cpp/cmake)
[0.560s] -- Using all available rosidl_typesupport_c: rosidl_typesupport_fastrtps_c;rosidl_typesupport_introspection_c
[0.579s] -- Using all available rosidl_typesupport_cpp: rosidl_typesupport_fastrtps_cpp;rosidl_typesupport_introspection_cpp
[0.642s] -- Found rosidl_default_generators: 1.2.0 (/opt/ros/humble/share/rosidl_default_generators/cmake)
[0.837s] -- Found ament_cmake_ros: 0.10.0 (/opt/ros/humble/share/ament_cmake_ros/cmake)
[1.083s] -- Using all available rosidl_typesupport_c: rosidl_typesupport_fastrtps_c;rosidl_typesupport_introspection_c
[1.180s] -- Using all available rosidl_typesupport_cpp: rosidl_typesupport_fastrtps_cpp;rosidl_typesupport_introspection_cpp
[1.196s] -- Found PythonInterp: /usr/bin/python3 (found suitable version "3.10.6", minimum required is "3.6") 
[1.198s] -- Found python_cmake_module: 0.10.0 (/opt/ros/humble/share/python_cmake_module/cmake)
[1.216s] -- Found PythonLibs: /usr/lib/x86_64-linux-gnu/libpython3.10.so (found suitable version "3.10.6", minimum required is "3.5") 
[1.217s] -- Using PYTHON_EXECUTABLE: /usr/bin/python3
[1.217s] -- Using PYTHON_INCLUDE_DIRS: /usr/include/python3.10
[1.217s] -- Using PYTHON_LIBRARIES: /usr/lib/x86_64-linux-gnu/libpython3.10.so
[1.231s] -- Found PythonExtra: .so  
[1.263s] -- Found ament_lint_auto: 0.12.5 (/opt/ros/humble/share/ament_lint_auto/cmake)
[1.276s] -- Added test 'copyright' to check source files copyright and LICENSE
[1.277s] -- Added test 'lint_cmake' to check CMake code style
[1.278s] -- Added test 'xmllint' to check XML markup files
[1.279s] -- Configuring done
[1.300s] -- Generating done
[1.301s] -- Build files have been written to: /home/uday22/yolobot/build/yolov8_msgs
[1.307s] Invoked command in '/home/uday22/yolobot/build/yolov8_msgs' returned '0': CMAKE_PREFIX_PATH=/home/uday22/ros2_ws/install/my_robot_controller:/opt/ros/humble /usr/bin/cmake /home/uday22/yolobot/src/yolov8_msgs -DCMAKE_INSTALL_PREFIX=/home/uday22/yolobot/install/yolov8_msgs
[1.308s] Invoking command in '/home/uday22/yolobot/build/yolov8_msgs': CMAKE_PREFIX_PATH=/home/uday22/ros2_ws/install/my_robot_controller:/opt/ros/humble /usr/bin/cmake --build /home/uday22/yolobot/build/yolov8_msgs -- -j12 -l12
[1.332s] [  2%] [34m[1mGenerating C code for ROS interfaces[0m
[1.337s] [  5%] [34m[1mGenerating C++ code for ROS interfaces[0m
[1.342s] [  5%] Built target ament_cmake_python_copy_yolov8_msgs
[1.537s] running egg_info
[1.537s] creating yolov8_msgs.egg-info
[1.537s] writing yolov8_msgs.egg-info/PKG-INFO
[1.537s] writing dependency_links to yolov8_msgs.egg-info/dependency_links.txt
[1.538s] writing top-level names to yolov8_msgs.egg-info/top_level.txt
[1.538s] writing manifest file 'yolov8_msgs.egg-info/SOURCES.txt'
[1.539s] [  5%] Built target yolov8_msgs__cpp
[1.541s] reading manifest file 'yolov8_msgs.egg-info/SOURCES.txt'
[1.542s] writing manifest file 'yolov8_msgs.egg-info/SOURCES.txt'
[1.547s] [ 10%] [34m[1mGenerating C++ type support for eProsima Fast-RTPS[0m
[1.547s] [ 10%] [34m[1mGenerating C++ type support dispatch for ROS interfaces[0m
[1.549s] [ 12%] [34m[1mGenerating C++ introspection for ROS interfaces[0m
[1.556s] [ 17%] [32mBuilding C object CMakeFiles/yolov8_msgs__rosidl_generator_c.dir/rosidl_generator_c/yolov8_msgs/msg/detail/inference_result__functions.c.o[0m
[1.556s] [ 17%] [32mBuilding C object CMakeFiles/yolov8_msgs__rosidl_generator_c.dir/rosidl_generator_c/yolov8_msgs/msg/detail/yolov8_inference__functions.c.o[0m
[1.573s] [ 17%] Built target ament_cmake_python_build_yolov8_msgs_egg
[1.609s] [ 20%] [32m[1mLinking C shared library libyolov8_msgs__rosidl_generator_c.so[0m
[1.634s] [ 20%] Built target yolov8_msgs__rosidl_generator_c
[1.641s] [ 28%] [34m[1mGenerating C introspection for ROS interfaces[0m
[1.641s] [ 28%] [34m[1mGenerating C type support for eProsima Fast-RTPS[0m
[1.641s] [ 28%] [34m[1mGenerating C type support dispatch for ROS interfaces[0m
[1.736s] [ 33%] [32mBuilding CXX object CMakeFiles/yolov8_msgs__rosidl_typesupport_cpp.dir/rosidl_typesupport_cpp/yolov8_msgs/msg/yolov8_inference__type_support.cpp.o[0m
[1.736s] [ 33%] [32mBuilding CXX object CMakeFiles/yolov8_msgs__rosidl_typesupport_cpp.dir/rosidl_typesupport_cpp/yolov8_msgs/msg/inference_result__type_support.cpp.o[0m
[1.757s] [ 35%] [32mBuilding CXX object CMakeFiles/yolov8_msgs__rosidl_typesupport_introspection_cpp.dir/rosidl_typesupport_introspection_cpp/yolov8_msgs/msg/detail/inference_result__type_support.cpp.o[0m
[1.760s] [ 38%] [32mBuilding CXX object CMakeFiles/yolov8_msgs__rosidl_typesupport_introspection_cpp.dir/rosidl_typesupport_introspection_cpp/yolov8_msgs/msg/detail/yolov8_inference__type_support.cpp.o[0m
[1.773s] [ 41%] [32mBuilding CXX object CMakeFiles/yolov8_msgs__rosidl_typesupport_fastrtps_cpp.dir/rosidl_typesupport_fastrtps_cpp/yolov8_msgs/msg/detail/dds_fastrtps/yolov8_inference__type_support.cpp.o[0m
[1.774s] [ 43%] [32mBuilding CXX object CMakeFiles/yolov8_msgs__rosidl_typesupport_fastrtps_cpp.dir/rosidl_typesupport_fastrtps_cpp/yolov8_msgs/msg/detail/dds_fastrtps/inference_result__type_support.cpp.o[0m
[1.829s] [ 46%] [32mBuilding CXX object CMakeFiles/yolov8_msgs__rosidl_typesupport_c.dir/rosidl_typesupport_c/yolov8_msgs/msg/yolov8_inference__type_support.cpp.o[0m
[1.835s] [ 48%] [32mBuilding CXX object CMakeFiles/yolov8_msgs__rosidl_typesupport_c.dir/rosidl_typesupport_c/yolov8_msgs/msg/inference_result__type_support.cpp.o[0m
[1.860s] [ 51%] [32m[1mLinking CXX shared library libyolov8_msgs__rosidl_typesupport_c.so[0m
[1.907s] [ 51%] Built target yolov8_msgs__rosidl_typesupport_c
[1.947s] [ 53%] [32mBuilding CXX object CMakeFiles/yolov8_msgs__rosidl_typesupport_fastrtps_c.dir/rosidl_typesupport_fastrtps_c/yolov8_msgs/msg/detail/inference_result__type_support_c.cpp.o[0m
[1.949s] [ 56%] [32mBuilding CXX object CMakeFiles/yolov8_msgs__rosidl_typesupport_fastrtps_c.dir/rosidl_typesupport_fastrtps_c/yolov8_msgs/msg/detail/yolov8_inference__type_support_c.cpp.o[0m
[1.978s] [ 61%] [32mBuilding C object CMakeFiles/yolov8_msgs__rosidl_typesupport_introspection_c.dir/rosidl_typesupport_introspection_c/yolov8_msgs/msg/detail/inference_result__type_support.c.o[0m
[1.978s] [ 61%] [32mBuilding C object CMakeFiles/yolov8_msgs__rosidl_typesupport_introspection_c.dir/rosidl_typesupport_introspection_c/yolov8_msgs/msg/detail/yolov8_inference__type_support.c.o[0m
[2.016s] [ 64%] [32m[1mLinking C shared library libyolov8_msgs__rosidl_typesupport_introspection_c.so[0m
[2.035s] [ 66%] [32m[1mLinking CXX shared library libyolov8_msgs__rosidl_typesupport_cpp.so[0m
[2.051s] [ 66%] Built target yolov8_msgs__rosidl_typesupport_introspection_c
[2.082s] [ 66%] Built target yolov8_msgs__rosidl_typesupport_cpp
[2.154s] [ 69%] [32m[1mLinking CXX shared library libyolov8_msgs__rosidl_typesupport_fastrtps_cpp.so[0m
[2.162s] [ 71%] [32m[1mLinking CXX shared library libyolov8_msgs__rosidl_typesupport_introspection_cpp.so[0m
[2.210s] [ 71%] Built target yolov8_msgs__rosidl_typesupport_fastrtps_cpp
[2.223s] [ 74%] [32m[1mLinking CXX shared library libyolov8_msgs__rosidl_typesupport_fastrtps_c.so[0m
[2.224s] [ 74%] Built target yolov8_msgs__rosidl_typesupport_introspection_cpp
[2.266s] [ 74%] Built target yolov8_msgs__rosidl_typesupport_fastrtps_c
[2.277s] [ 74%] Built target yolov8_msgs
[2.288s] [ 76%] [34m[1mGenerating Python code for ROS interfaces[0m
[2.554s] [ 76%] Built target yolov8_msgs__py
[2.565s] [ 82%] [32mBuilding C object CMakeFiles/yolov8_msgs__rosidl_generator_py.dir/rosidl_generator_py/yolov8_msgs/msg/_inference_result_s.c.o[0m
[2.565s] [ 82%] [32mBuilding C object CMakeFiles/yolov8_msgs__rosidl_generator_py.dir/rosidl_generator_py/yolov8_msgs/msg/_yolov8_inference_s.c.o[0m
[2.643s] [ 84%] [32m[1mLinking C shared library rosidl_generator_py/yolov8_msgs/libyolov8_msgs__rosidl_generator_py.so[0m
[2.669s] [ 84%] Built target yolov8_msgs__rosidl_generator_py
[2.682s] [ 92%] [32mBuilding C object CMakeFiles/yolov8_msgs__rosidl_typesupport_introspection_c__pyext.dir/rosidl_generator_py/yolov8_msgs/_yolov8_msgs_s.ep.rosidl_typesupport_introspection_c.c.o[0m
[2.683s] [ 92%] [32mBuilding C object CMakeFiles/yolov8_msgs__rosidl_typesupport_c__pyext.dir/rosidl_generator_py/yolov8_msgs/_yolov8_msgs_s.ep.rosidl_typesupport_c.c.o[0m
[2.683s] [ 92%] [32mBuilding C object CMakeFiles/yolov8_msgs__rosidl_typesupport_fastrtps_c__pyext.dir/rosidl_generator_py/yolov8_msgs/_yolov8_msgs_s.ep.rosidl_typesupport_fastrtps_c.c.o[0m
[2.746s] [100%] [32m[1mLinking C shared library rosidl_generator_py/yolov8_msgs/yolov8_msgs_s__rosidl_typesupport_introspection_c.cpython-310-x86_64-linux-gnu.so[0m
[2.746s] [100%] [32m[1mLinking C shared library rosidl_generator_py/yolov8_msgs/yolov8_msgs_s__rosidl_typesupport_fastrtps_c.cpython-310-x86_64-linux-gnu.so[0m
[2.746s] [100%] [32m[1mLinking C shared library rosidl_generator_py/yolov8_msgs/yolov8_msgs_s__rosidl_typesupport_c.cpython-310-x86_64-linux-gnu.so[0m
[2.769s] [100%] Built target yolov8_msgs__rosidl_typesupport_introspection_c__pyext
[2.769s] [100%] Built target yolov8_msgs__rosidl_typesupport_c__pyext
[2.769s] [100%] Built target yolov8_msgs__rosidl_typesupport_fastrtps_c__pyext
[2.775s] Invoked command in '/home/uday22/yolobot/build/yolov8_msgs' returned '0': CMAKE_PREFIX_PATH=/home/uday22/ros2_ws/install/my_robot_controller:/opt/ros/humble /usr/bin/cmake --build /home/uday22/yolobot/build/yolov8_msgs -- -j12 -l12
[2.810s] Invoking command in '/home/uday22/yolobot/build/yolov8_msgs': CMAKE_PREFIX_PATH=/home/uday22/ros2_ws/install/my_robot_controller:/opt/ros/humble /usr/bin/cmake --install /home/uday22/yolobot/build/yolov8_msgs
[2.815s] -- Install configuration: ""
[2.815s] -- Installing: /home/uday22/yolobot/install/yolov8_msgs/share/ament_index/resource_index/rosidl_interfaces/yolov8_msgs
[2.815s] -- Installing: /home/uday22/yolobot/install/yolov8_msgs/include/yolov8_msgs/yolov8_msgs
[2.815s] -- Installing: /home/uday22/yolobot/install/yolov8_msgs/include/yolov8_msgs/yolov8_msgs/msg
[2.815s] -- Installing: /home/uday22/yolobot/install/yolov8_msgs/include/yolov8_msgs/yolov8_msgs/msg/rosidl_generator_c__visibility_control.h
[2.816s] -- Installing: /home/uday22/yolobot/install/yolov8_msgs/include/yolov8_msgs/yolov8_msgs/msg/inference_result.h
[2.816s] -- Installing: /home/uday22/yolobot/install/yolov8_msgs/include/yolov8_msgs/yolov8_msgs/msg/detail
[2.816s] -- Installing: /home/uday22/yolobot/install/yolov8_msgs/include/yolov8_msgs/yolov8_msgs/msg/detail/inference_result__type_support.h
[2.816s] -- Installing: /home/uday22/yolobot/install/yolov8_msgs/include/yolov8_msgs/yolov8_msgs/msg/detail/yolov8_inference__struct.h
[2.816s] -- Installing: /home/uday22/yolobot/install/yolov8_msgs/include/yolov8_msgs/yolov8_msgs/msg/detail/yolov8_inference__type_support.h
[2.816s] -- Installing: /home/uday22/yolobot/install/yolov8_msgs/include/yolov8_msgs/yolov8_msgs/msg/detail/inference_result__functions.c
[2.816s] -- Installing: /home/uday22/yolobot/install/yolov8_msgs/include/yolov8_msgs/yolov8_msgs/msg/detail/yolov8_inference__functions.h
[2.816s] -- Installing: /home/uday22/yolobot/install/yolov8_msgs/include/yolov8_msgs/yolov8_msgs/msg/detail/inference_result__functions.h
[2.816s] -- Installing: /home/uday22/yolobot/install/yolov8_msgs/include/yolov8_msgs/yolov8_msgs/msg/detail/inference_result__struct.h
[2.816s] -- Installing: /home/uday22/yolobot/install/yolov8_msgs/include/yolov8_msgs/yolov8_msgs/msg/detail/yolov8_inference__functions.c
[2.816s] -- Installing: /home/uday22/yolobot/install/yolov8_msgs/include/yolov8_msgs/yolov8_msgs/msg/yolov8_inference.h
[2.816s] -- Installing: /home/uday22/yolobot/install/yolov8_msgs/share/yolov8_msgs/environment/library_path.sh
[2.816s] -- Installing: /home/uday22/yolobot/install/yolov8_msgs/share/yolov8_msgs/environment/library_path.dsv
[2.816s] -- Installing: /home/uday22/yolobot/install/yolov8_msgs/lib/libyolov8_msgs__rosidl_generator_c.so
[2.817s] -- Set runtime path of "/home/uday22/yolobot/install/yolov8_msgs/lib/libyolov8_msgs__rosidl_generator_c.so" to ""
[2.817s] -- Up-to-date: /home/uday22/yolobot/install/yolov8_msgs/include/yolov8_msgs/yolov8_msgs
[2.817s] -- Up-to-date: /home/uday22/yolobot/install/yolov8_msgs/include/yolov8_msgs/yolov8_msgs/msg
[2.817s] -- Up-to-date: /home/uday22/yolobot/install/yolov8_msgs/include/yolov8_msgs/yolov8_msgs/msg/detail
[2.817s] -- Installing: /home/uday22/yolobot/install/yolov8_msgs/include/yolov8_msgs/yolov8_msgs/msg/detail/inference_result__rosidl_typesupport_fastrtps_c.h
[2.817s] -- Installing: /home/uday22/yolobot/install/yolov8_msgs/include/yolov8_msgs/yolov8_msgs/msg/detail/yolov8_inference__rosidl_typesupport_fastrtps_c.h
[2.817s] -- Installing: /home/uday22/yolobot/install/yolov8_msgs/include/yolov8_msgs/yolov8_msgs/msg/rosidl_typesupport_fastrtps_c__visibility_control.h
[2.817s] -- Installing: /home/uday22/yolobot/install/yolov8_msgs/lib/libyolov8_msgs__rosidl_typesupport_fastrtps_c.so
[2.817s] -- Set runtime path of "/home/uday22/yolobot/install/yolov8_msgs/lib/libyolov8_msgs__rosidl_typesupport_fastrtps_c.so" to ""
[2.817s] -- Up-to-date: /home/uday22/yolobot/install/yolov8_msgs/include/yolov8_msgs/yolov8_msgs
[2.817s] -- Up-to-date: /home/uday22/yolobot/install/yolov8_msgs/include/yolov8_msgs/yolov8_msgs/msg
[2.817s] -- Up-to-date: /home/uday22/yolobot/install/yolov8_msgs/include/yolov8_msgs/yolov8_msgs/msg/detail
[2.817s] -- Installing: /home/uday22/yolobot/install/yolov8_msgs/include/yolov8_msgs/yolov8_msgs/msg/detail/yolov8_inference__traits.hpp
[2.817s] -- Installing: /home/uday22/yolobot/install/yolov8_msgs/include/yolov8_msgs/yolov8_msgs/msg/detail/inference_result__traits.hpp
[2.817s] -- Installing: /home/uday22/yolobot/install/yolov8_msgs/include/yolov8_msgs/yolov8_msgs/msg/detail/yolov8_inference__builder.hpp
[2.817s] -- Installing: /home/uday22/yolobot/install/yolov8_msgs/include/yolov8_msgs/yolov8_msgs/msg/detail/inference_result__struct.hpp
[2.817s] -- Installing: /home/uday22/yolobot/install/yolov8_msgs/include/yolov8_msgs/yolov8_msgs/msg/detail/inference_result__builder.hpp
[2.817s] -- Installing: /home/uday22/yolobot/install/yolov8_msgs/include/yolov8_msgs/yolov8_msgs/msg/detail/yolov8_inference__struct.hpp
[2.818s] -- Installing: /home/uday22/yolobot/install/yolov8_msgs/include/yolov8_msgs/yolov8_msgs/msg/yolov8_inference.hpp
[2.818s] -- Installing: /home/uday22/yolobot/install/yolov8_msgs/include/yolov8_msgs/yolov8_msgs/msg/inference_result.hpp
[2.818s] -- Up-to-date: /home/uday22/yolobot/install/yolov8_msgs/include/yolov8_msgs/yolov8_msgs
[2.818s] -- Up-to-date: /home/uday22/yolobot/install/yolov8_msgs/include/yolov8_msgs/yolov8_msgs/msg
[2.818s] -- Installing: /home/uday22/yolobot/install/yolov8_msgs/include/yolov8_msgs/yolov8_msgs/msg/rosidl_typesupport_fastrtps_cpp__visibility_control.h
[2.818s] -- Up-to-date: /home/uday22/yolobot/install/yolov8_msgs/include/yolov8_msgs/yolov8_msgs/msg/detail
[2.818s] -- Installing: /home/uday22/yolobot/install/yolov8_msgs/include/yolov8_msgs/yolov8_msgs/msg/detail/dds_fastrtps
[2.818s] -- Installing: /home/uday22/yolobot/install/yolov8_msgs/include/yolov8_msgs/yolov8_msgs/msg/detail/yolov8_inference__rosidl_typesupport_fastrtps_cpp.hpp
[2.818s] -- Installing: /home/uday22/yolobot/install/yolov8_msgs/include/yolov8_msgs/yolov8_msgs/msg/detail/inference_result__rosidl_typesupport_fastrtps_cpp.hpp
[2.818s] -- Installing: /home/uday22/yolobot/install/yolov8_msgs/lib/libyolov8_msgs__rosidl_typesupport_fastrtps_cpp.so
[2.818s] -- Set runtime path of "/home/uday22/yolobot/install/yolov8_msgs/lib/libyolov8_msgs__rosidl_typesupport_fastrtps_cpp.so" to ""
[2.818s] -- Up-to-date: /home/uday22/yolobot/install/yolov8_msgs/include/yolov8_msgs/yolov8_msgs
[2.818s] -- Up-to-date: /home/uday22/yolobot/install/yolov8_msgs/include/yolov8_msgs/yolov8_msgs/msg
[2.818s] -- Up-to-date: /home/uday22/yolobot/install/yolov8_msgs/include/yolov8_msgs/yolov8_msgs/msg/detail
[2.818s] -- Installing: /home/uday22/yolobot/install/yolov8_msgs/include/yolov8_msgs/yolov8_msgs/msg/detail/yolov8_inference__rosidl_typesupport_introspection_c.h
[2.818s] -- Installing: /home/uday22/yolobot/install/yolov8_msgs/include/yolov8_msgs/yolov8_msgs/msg/detail/inference_result__type_support.c
[2.818s] -- Installing: /home/uday22/yolobot/install/yolov8_msgs/include/yolov8_msgs/yolov8_msgs/msg/detail/yolov8_inference__type_support.c
[2.818s] -- Installing: /home/uday22/yolobot/install/yolov8_msgs/include/yolov8_msgs/yolov8_msgs/msg/detail/inference_result__rosidl_typesupport_introspection_c.h
[2.818s] -- Installing: /home/uday22/yolobot/install/yolov8_msgs/include/yolov8_msgs/yolov8_msgs/msg/rosidl_typesupport_introspection_c__visibility_control.h
[2.818s] -- Installing: /home/uday22/yolobot/install/yolov8_msgs/lib/libyolov8_msgs__rosidl_typesupport_introspection_c.so
[2.819s] -- Set runtime path of "/home/uday22/yolobot/install/yolov8_msgs/lib/libyolov8_msgs__rosidl_typesupport_introspection_c.so" to ""
[2.819s] -- Installing: /home/uday22/yolobot/install/yolov8_msgs/lib/libyolov8_msgs__rosidl_typesupport_c.so
[2.819s] -- Set runtime path of "/home/uday22/yolobot/install/yolov8_msgs/lib/libyolov8_msgs__rosidl_typesupport_c.so" to ""
[2.819s] -- Up-to-date: /home/uday22/yolobot/install/yolov8_msgs/include/yolov8_msgs/yolov8_msgs
[2.819s] -- Up-to-date: /home/uday22/yolobot/install/yolov8_msgs/include/yolov8_msgs/yolov8_msgs/msg
[2.819s] -- Up-to-date: /home/uday22/yolobot/install/yolov8_msgs/include/yolov8_msgs/yolov8_msgs/msg/detail
[2.819s] -- Installing: /home/uday22/yolobot/install/yolov8_msgs/include/yolov8_msgs/yolov8_msgs/msg/detail/yolov8_inference__type_support.cpp
[2.819s] -- Installing: /home/uday22/yolobot/install/yolov8_msgs/include/yolov8_msgs/yolov8_msgs/msg/detail/inference_result__type_support.cpp
[2.819s] -- Installing: /home/uday22/yolobot/install/yolov8_msgs/include/yolov8_msgs/yolov8_msgs/msg/detail/inference_result__rosidl_typesupport_introspection_cpp.hpp
[2.819s] -- Installing: /home/uday22/yolobot/install/yolov8_msgs/include/yolov8_msgs/yolov8_msgs/msg/detail/yolov8_inference__rosidl_typesupport_introspection_cpp.hpp
[2.819s] -- Installing: /home/uday22/yolobot/install/yolov8_msgs/lib/libyolov8_msgs__rosidl_typesupport_introspection_cpp.so
[2.819s] -- Set runtime path of "/home/uday22/yolobot/install/yolov8_msgs/lib/libyolov8_msgs__rosidl_typesupport_introspection_cpp.so" to ""
[2.819s] -- Installing: /home/uday22/yolobot/install/yolov8_msgs/lib/libyolov8_msgs__rosidl_typesupport_cpp.so
[2.820s] -- Set runtime path of "/home/uday22/yolobot/install/yolov8_msgs/lib/libyolov8_msgs__rosidl_typesupport_cpp.so" to ""
[2.820s] -- Installing: /home/uday22/yolobot/install/yolov8_msgs/share/yolov8_msgs/environment/pythonpath.sh
[2.820s] -- Installing: /home/uday22/yolobot/install/yolov8_msgs/share/yolov8_msgs/environment/pythonpath.dsv
[2.820s] -- Installing: /home/uday22/yolobot/install/yolov8_msgs/local/lib/python3.10/dist-packages/yolov8_msgs-0.0.0-py3.10.egg-info
[2.820s] -- Installing: /home/uday22/yolobot/install/yolov8_msgs/local/lib/python3.10/dist-packages/yolov8_msgs-0.0.0-py3.10.egg-info/top_level.txt
[2.820s] -- Installing: /home/uday22/yolobot/install/yolov8_msgs/local/lib/python3.10/dist-packages/yolov8_msgs-0.0.0-py3.10.egg-info/dependency_links.txt
[2.820s] -- Installing: /home/uday22/yolobot/install/yolov8_msgs/local/lib/python3.10/dist-packages/yolov8_msgs-0.0.0-py3.10.egg-info/SOURCES.txt
[2.820s] -- Installing: /home/uday22/yolobot/install/yolov8_msgs/local/lib/python3.10/dist-packages/yolov8_msgs-0.0.0-py3.10.egg-info/PKG-INFO
[2.820s] -- Installing: /home/uday22/yolobot/install/yolov8_msgs/local/lib/python3.10/dist-packages/yolov8_msgs
[2.820s] -- Installing: /home/uday22/yolobot/install/yolov8_msgs/local/lib/python3.10/dist-packages/yolov8_msgs/yolov8_msgs_s__rosidl_typesupport_fastrtps_c.cpython-310-x86_64-linux-gnu.so
[2.820s] -- Installing: /home/uday22/yolobot/install/yolov8_msgs/local/lib/python3.10/dist-packages/yolov8_msgs/_yolov8_msgs_s.ep.rosidl_typesupport_c.c
[2.820s] -- Installing: /home/uday22/yolobot/install/yolov8_msgs/local/lib/python3.10/dist-packages/yolov8_msgs/msg
[2.820s] -- Installing: /home/uday22/yolobot/install/yolov8_msgs/local/lib/python3.10/dist-packages/yolov8_msgs/msg/_inference_result.py
[2.820s] -- Installing: /home/uday22/yolobot/install/yolov8_msgs/local/lib/python3.10/dist-packages/yolov8_msgs/msg/_yolov8_inference_s.c
[2.820s] -- Installing: /home/uday22/yolobot/install/yolov8_msgs/local/lib/python3.10/dist-packages/yolov8_msgs/msg/_yolov8_inference.py
[2.820s] -- Installing: /home/uday22/yolobot/install/yolov8_msgs/local/lib/python3.10/dist-packages/yolov8_msgs/msg/_inference_result_s.c
[2.821s] -- Installing: /home/uday22/yolobot/install/yolov8_msgs/local/lib/python3.10/dist-packages/yolov8_msgs/msg/__init__.py
[2.821s] -- Installing: /home/uday22/yolobot/install/yolov8_msgs/local/lib/python3.10/dist-packages/yolov8_msgs/yolov8_msgs_s__rosidl_typesupport_introspection_c.cpython-310-x86_64-linux-gnu.so
[2.821s] -- Installing: /home/uday22/yolobot/install/yolov8_msgs/local/lib/python3.10/dist-packages/yolov8_msgs/yolov8_msgs_s__rosidl_typesupport_c.cpython-310-x86_64-linux-gnu.so
[2.821s] -- Installing: /home/uday22/yolobot/install/yolov8_msgs/local/lib/python3.10/dist-packages/yolov8_msgs/_yolov8_msgs_s.ep.rosidl_typesupport_introspection_c.c
[2.821s] -- Installing: /home/uday22/yolobot/install/yolov8_msgs/local/lib/python3.10/dist-packages/yolov8_msgs/_yolov8_msgs_s.ep.rosidl_typesupport_fastrtps_c.c
[2.821s] -- Installing: /home/uday22/yolobot/install/yolov8_msgs/local/lib/python3.10/dist-packages/yolov8_msgs/libyolov8_msgs__rosidl_generator_py.so
[2.821s] -- Installing: /home/uday22/yolobot/install/yolov8_msgs/local/lib/python3.10/dist-packages/yolov8_msgs/__init__.py
[2.844s] Listing '/home/uday22/yolobot/install/yolov8_msgs/local/lib/python3.10/dist-packages/yolov8_msgs'...
[2.844s] Compiling '/home/uday22/yolobot/install/yolov8_msgs/local/lib/python3.10/dist-packages/yolov8_msgs/__init__.py'...
[2.844s] Listing '/home/uday22/yolobot/install/yolov8_msgs/local/lib/python3.10/dist-packages/yolov8_msgs/msg'...
[2.844s] Compiling '/home/uday22/yolobot/install/yolov8_msgs/local/lib/python3.10/dist-packages/yolov8_msgs/msg/__init__.py'...
[2.844s] Compiling '/home/uday22/yolobot/install/yolov8_msgs/local/lib/python3.10/dist-packages/yolov8_msgs/msg/_inference_result.py'...
[2.844s] Compiling '/home/uday22/yolobot/install/yolov8_msgs/local/lib/python3.10/dist-packages/yolov8_msgs/msg/_yolov8_inference.py'...
[2.847s] -- Installing: /home/uday22/yolobot/install/yolov8_msgs/local/lib/python3.10/dist-packages/yolov8_msgs/yolov8_msgs_s__rosidl_typesupport_fastrtps_c.cpython-310-x86_64-linux-gnu.so
[2.847s] -- Set runtime path of "/home/uday22/yolobot/install/yolov8_msgs/local/lib/python3.10/dist-packages/yolov8_msgs/yolov8_msgs_s__rosidl_typesupport_fastrtps_c.cpython-310-x86_64-linux-gnu.so" to ""
[2.847s] -- Installing: /home/uday22/yolobot/install/yolov8_msgs/local/lib/python3.10/dist-packages/yolov8_msgs/yolov8_msgs_s__rosidl_typesupport_introspection_c.cpython-310-x86_64-linux-gnu.so
[2.847s] -- Set runtime path of "/home/uday22/yolobot/install/yolov8_msgs/local/lib/python3.10/dist-packages/yolov8_msgs/yolov8_msgs_s__rosidl_typesupport_introspection_c.cpython-310-x86_64-linux-gnu.so" to ""
[2.847s] -- Installing: /home/uday22/yolobot/install/yolov8_msgs/local/lib/python3.10/dist-packages/yolov8_msgs/yolov8_msgs_s__rosidl_typesupport_c.cpython-310-x86_64-linux-gnu.so
[2.848s] -- Set runtime path of "/home/uday22/yolobot/install/yolov8_msgs/local/lib/python3.10/dist-packages/yolov8_msgs/yolov8_msgs_s__rosidl_typesupport_c.cpython-310-x86_64-linux-gnu.so" to ""
[2.848s] -- Installing: /home/uday22/yolobot/install/yolov8_msgs/lib/libyolov8_msgs__rosidl_generator_py.so
[2.848s] -- Set runtime path of "/home/uday22/yolobot/install/yolov8_msgs/lib/libyolov8_msgs__rosidl_generator_py.so" to ""
[2.848s] -- Installing: /home/uday22/yolobot/install/yolov8_msgs/share/yolov8_msgs/msg/InferenceResult.idl
[2.848s] -- Installing: /home/uday22/yolobot/install/yolov8_msgs/share/yolov8_msgs/msg/Yolov8Inference.idl
[2.848s] -- Installing: /home/uday22/yolobot/install/yolov8_msgs/share/yolov8_msgs/msg/InferenceResult.msg
[2.848s] -- Installing: /home/uday22/yolobot/install/yolov8_msgs/share/yolov8_msgs/msg/Yolov8Inference.msg
[2.848s] -- Installing: /home/uday22/yolobot/install/yolov8_msgs/share/ament_index/resource_index/package_run_dependencies/yolov8_msgs
[2.848s] -- Installing: /home/uday22/yolobot/install/yolov8_msgs/share/ament_index/resource_index/parent_prefix_path/yolov8_msgs
[2.848s] -- Installing: /home/uday22/yolobot/install/yolov8_msgs/share/yolov8_msgs/environment/ament_prefix_path.sh
[2.848s] -- Installing: /home/uday22/yolobot/install/yolov8_msgs/share/yolov8_msgs/environment/ament_prefix_path.dsv
[2.848s] -- Installing: /home/uday22/yolobot/install/yolov8_msgs/share/yolov8_msgs/environment/path.sh
[2.849s] -- Installing: /home/uday22/yolobot/install/yolov8_msgs/share/yolov8_msgs/environment/path.dsv
[2.849s] -- Installing: /home/uday22/yolobot/install/yolov8_msgs/share/yolov8_msgs/local_setup.bash
[2.849s] -- Installing: /home/uday22/yolobot/install/yolov8_msgs/share/yolov8_msgs/local_setup.sh
[2.849s] -- Installing: /home/uday22/yolobot/install/yolov8_msgs/share/yolov8_msgs/local_setup.zsh
[2.849s] -- Installing: /home/uday22/yolobot/install/yolov8_msgs/share/yolov8_msgs/local_setup.dsv
[2.849s] -- Installing: /home/uday22/yolobot/install/yolov8_msgs/share/yolov8_msgs/package.dsv
[2.849s] -- Installing: /home/uday22/yolobot/install/yolov8_msgs/share/ament_index/resource_index/packages/yolov8_msgs
[2.849s] -- Installing: /home/uday22/yolobot/install/yolov8_msgs/share/yolov8_msgs/cmake/export_yolov8_msgs__rosidl_generator_cExport.cmake
[2.849s] -- Installing: /home/uday22/yolobot/install/yolov8_msgs/share/yolov8_msgs/cmake/export_yolov8_msgs__rosidl_generator_cExport-noconfig.cmake
[2.849s] -- Installing: /home/uday22/yolobot/install/yolov8_msgs/share/yolov8_msgs/cmake/export_yolov8_msgs__rosidl_typesupport_fastrtps_cExport.cmake
[2.849s] -- Installing: /home/uday22/yolobot/install/yolov8_msgs/share/yolov8_msgs/cmake/export_yolov8_msgs__rosidl_typesupport_fastrtps_cExport-noconfig.cmake
[2.849s] -- Installing: /home/uday22/yolobot/install/yolov8_msgs/share/yolov8_msgs/cmake/export_yolov8_msgs__rosidl_generator_cppExport.cmake
[2.850s] -- Installing: /home/uday22/yolobot/install/yolov8_msgs/share/yolov8_msgs/cmake/export_yolov8_msgs__rosidl_typesupport_fastrtps_cppExport.cmake
[2.850s] -- Installing: /home/uday22/yolobot/install/yolov8_msgs/share/yolov8_msgs/cmake/export_yolov8_msgs__rosidl_typesupport_fastrtps_cppExport-noconfig.cmake
[2.850s] -- Installing: /home/uday22/yolobot/install/yolov8_msgs/share/yolov8_msgs/cmake/yolov8_msgs__rosidl_typesupport_introspection_cExport.cmake
[2.850s] -- Installing: /home/uday22/yolobot/install/yolov8_msgs/share/yolov8_msgs/cmake/yolov8_msgs__rosidl_typesupport_introspection_cExport-noconfig.cmake
[2.850s] -- Installing: /home/uday22/yolobot/install/yolov8_msgs/share/yolov8_msgs/cmake/yolov8_msgs__rosidl_typesupport_cExport.cmake
[2.850s] -- Installing: /home/uday22/yolobot/install/yolov8_msgs/share/yolov8_msgs/cmake/yolov8_msgs__rosidl_typesupport_cExport-noconfig.cmake
[2.850s] -- Installing: /home/uday22/yolobot/install/yolov8_msgs/share/yolov8_msgs/cmake/yolov8_msgs__rosidl_typesupport_introspection_cppExport.cmake
[2.850s] -- Installing: /home/uday22/yolobot/install/yolov8_msgs/share/yolov8_msgs/cmake/yolov8_msgs__rosidl_typesupport_introspection_cppExport-noconfig.cmake
[2.850s] -- Installing: /home/uday22/yolobot/install/yolov8_msgs/share/yolov8_msgs/cmake/yolov8_msgs__rosidl_typesupport_cppExport.cmake
[2.850s] -- Installing: /home/uday22/yolobot/install/yolov8_msgs/share/yolov8_msgs/cmake/yolov8_msgs__rosidl_typesupport_cppExport-noconfig.cmake
[2.850s] -- Installing: /home/uday22/yolobot/install/yolov8_msgs/share/yolov8_msgs/cmake/export_yolov8_msgs__rosidl_generator_pyExport.cmake
[2.850s] -- Installing: /home/uday22/yolobot/install/yolov8_msgs/share/yolov8_msgs/cmake/export_yolov8_msgs__rosidl_generator_pyExport-noconfig.cmake
[2.850s] -- Installing: /home/uday22/yolobot/install/yolov8_msgs/share/yolov8_msgs/cmake/rosidl_cmake-extras.cmake
[2.851s] -- Installing: /home/uday22/yolobot/install/yolov8_msgs/share/yolov8_msgs/cmake/ament_cmake_export_dependencies-extras.cmake
[2.851s] -- Installing: /home/uday22/yolobot/install/yolov8_msgs/share/yolov8_msgs/cmake/ament_cmake_export_include_directories-extras.cmake
[2.851s] -- Installing: /home/uday22/yolobot/install/yolov8_msgs/share/yolov8_msgs/cmake/ament_cmake_export_libraries-extras.cmake
[2.851s] -- Installing: /home/uday22/yolobot/install/yolov8_msgs/share/yolov8_msgs/cmake/ament_cmake_export_targets-extras.cmake
[2.851s] -- Installing: /home/uday22/yolobot/install/yolov8_msgs/share/yolov8_msgs/cmake/rosidl_cmake_export_typesupport_targets-extras.cmake
[2.851s] -- Installing: /home/uday22/yolobot/install/yolov8_msgs/share/yolov8_msgs/cmake/rosidl_cmake_export_typesupport_libraries-extras.cmake
[2.851s] -- Installing: /home/uday22/yolobot/install/yolov8_msgs/share/yolov8_msgs/cmake/yolov8_msgsConfig.cmake
[2.851s] -- Installing: /home/uday22/yolobot/install/yolov8_msgs/share/yolov8_msgs/cmake/yolov8_msgsConfig-version.cmake
[2.851s] -- Installing: /home/uday22/yolobot/install/yolov8_msgs/share/yolov8_msgs/package.xml
[2.854s] Invoked command in '/home/uday22/yolobot/build/yolov8_msgs' returned '0': CMAKE_PREFIX_PATH=/home/uday22/ros2_ws/install/my_robot_controller:/opt/ros/humble /usr/bin/cmake --install /home/uday22/yolobot/build/yolov8_msgs
