[0.019s] Invoking command in '/home/uday22/yolobot/build/yolobot_description': CMAKE_PREFIX_PATH=/home/uday22/ros2_ws/install/my_robot_controller:/opt/ros/humble /home/uday22/.local/bin/cmake --build /home/uday22/yolobot/build/yolobot_description -- -j12 -l12
[0.090s] Invoked command in '/home/uday22/yolobot/build/yolobot_description' returned '0': CMAKE_PREFIX_PATH=/home/uday22/ros2_ws/install/my_robot_controller:/opt/ros/humble /home/uday22/.local/bin/cmake --build /home/uday22/yolobot/build/yolobot_description -- -j12 -l12
[0.148s] Invoking command in '/home/uday22/yolobot/build/yolobot_description': CMAKE_PREFIX_PATH=/home/uday22/ros2_ws/install/my_robot_controller:/opt/ros/humble /home/uday22/.local/bin/cmake --install /home/uday22/yolobot/build/yolobot_description
[0.171s] -- Install configuration: ""
[0.171s] -- Up-to-date: /home/uday22/yolobot/install/yolobot_description/share/yolobot_description//launch
[0.171s] -- Up-to-date: /home/uday22/yolobot/install/yolobot_description/share/yolobot_description//launch/spawn_yolobot.py
[0.171s] -- Up-to-date: /home/uday22/yolobot/install/yolobot_description/share/yolobot_description//launch/spawn_yolobot_launch.launch.py
[0.171s] -- Up-to-date: /home/uday22/yolobot/install/yolobot_description/share/yolobot_description//robot
[0.171s] -- Up-to-date: /home/uday22/yolobot/install/yolobot_description/share/yolobot_description//robot/yolobot.urdf
[0.171s] -- Up-to-date: /home/uday22/yolobot/install/yolobot_description/lib/yolobot_description/spawn_yolobot.py
[0.171s] -- Up-to-date: /home/uday22/yolobot/install/yolobot_description/share/ament_index/resource_index/package_run_dependencies/yolobot_description
[0.171s] -- Up-to-date: /home/uday22/yolobot/install/yolobot_description/share/ament_index/resource_index/parent_prefix_path/yolobot_description
[0.171s] -- Up-to-date: /home/uday22/yolobot/install/yolobot_description/share/yolobot_description/environment/ament_prefix_path.sh
[0.171s] -- Up-to-date: /home/uday22/yolobot/install/yolobot_description/share/yolobot_description/environment/ament_prefix_path.dsv
[0.171s] -- Up-to-date: /home/uday22/yolobot/install/yolobot_description/share/yolobot_description/environment/path.sh
[0.171s] -- Up-to-date: /home/uday22/yolobot/install/yolobot_description/share/yolobot_description/environment/path.dsv
[0.172s] -- Up-to-date: /home/uday22/yolobot/install/yolobot_description/share/yolobot_description/local_setup.bash
[0.172s] -- Up-to-date: /home/uday22/yolobot/install/yolobot_description/share/yolobot_description/local_setup.sh
[0.172s] -- Up-to-date: /home/uday22/yolobot/install/yolobot_description/share/yolobot_description/local_setup.zsh
[0.172s] -- Up-to-date: /home/uday22/yolobot/install/yolobot_description/share/yolobot_description/local_setup.dsv
[0.172s] -- Up-to-date: /home/uday22/yolobot/install/yolobot_description/share/yolobot_description/package.dsv
[0.172s] -- Up-to-date: /home/uday22/yolobot/install/yolobot_description/share/ament_index/resource_index/packages/yolobot_description
[0.172s] -- Up-to-date: /home/uday22/yolobot/install/yolobot_description/share/yolobot_description/cmake/yolobot_descriptionConfig.cmake
[0.172s] -- Up-to-date: /home/uday22/yolobot/install/yolobot_description/share/yolobot_description/cmake/yolobot_descriptionConfig-version.cmake
[0.172s] -- Up-to-date: /home/uday22/yolobot/install/yolobot_description/share/yolobot_description/package.xml
[0.212s] Invoked command in '/home/uday22/yolobot/build/yolobot_description' returned '0': CMAKE_PREFIX_PATH=/home/uday22/ros2_ws/install/my_robot_controller:/opt/ros/humble /home/uday22/.local/bin/cmake --install /home/uday22/yolobot/build/yolobot_description
