[0.025s] Invoking command in '/home/uday22/yolobot/build/yolobot_control': CMAKE_PREFIX_PATH=/home/uday22/ros2_ws/install/my_robot_controller:/opt/ros/humble /home/uday22/.local/bin/cmake --build /home/uday22/yolobot/build/yolobot_control -- -j12 -l12
[0.098s] Invoked command in '/home/uday22/yolobot/build/yolobot_control' returned '0': CMAKE_PREFIX_PATH=/home/uday22/ros2_ws/install/my_robot_controller:/opt/ros/humble /home/uday22/.local/bin/cmake --build /home/uday22/yolobot/build/yolobot_control -- -j12 -l12
[0.156s] Invoking command in '/home/uday22/yolobot/build/yolobot_control': CMAKE_PREFIX_PATH=/home/uday22/ros2_ws/install/my_robot_controller:/opt/ros/humble /home/uday22/.local/bin/cmake --install /home/uday22/yolobot/build/yolobot_control
[0.176s] -- Install configuration: ""
[0.176s] -- Up-to-date: /home/uday22/yolobot/install/yolobot_control/share/yolobot_control//scripts
[0.177s] -- Up-to-date: /home/uday22/yolobot/install/yolobot_control/share/yolobot_control//scripts/robot_control.py
[0.177s] -- Up-to-date: /home/uday22/yolobot/install/yolobot_control/share/yolobot_control//launch
[0.177s] -- Up-to-date: /home/uday22/yolobot/install/yolobot_control/share/yolobot_control//launch/yolobot_control.launch.py
[0.177s] -- Up-to-date: /home/uday22/yolobot/install/yolobot_control/lib/yolobot_control/robot_control.py
[0.177s] -- Up-to-date: /home/uday22/yolobot/install/yolobot_control/lib/yolobot_control/yolobot_control.launch.py
[0.177s] -- Up-to-date: /home/uday22/yolobot/install/yolobot_control/share/ament_index/resource_index/package_run_dependencies/yolobot_control
[0.177s] -- Up-to-date: /home/uday22/yolobot/install/yolobot_control/share/ament_index/resource_index/parent_prefix_path/yolobot_control
[0.177s] -- Up-to-date: /home/uday22/yolobot/install/yolobot_control/share/yolobot_control/environment/ament_prefix_path.sh
[0.177s] -- Up-to-date: /home/uday22/yolobot/install/yolobot_control/share/yolobot_control/environment/ament_prefix_path.dsv
[0.177s] -- Up-to-date: /home/uday22/yolobot/install/yolobot_control/share/yolobot_control/environment/path.sh
[0.177s] -- Up-to-date: /home/uday22/yolobot/install/yolobot_control/share/yolobot_control/environment/path.dsv
[0.177s] -- Up-to-date: /home/uday22/yolobot/install/yolobot_control/share/yolobot_control/local_setup.bash
[0.177s] -- Up-to-date: /home/uday22/yolobot/install/yolobot_control/share/yolobot_control/local_setup.sh
[0.177s] -- Up-to-date: /home/uday22/yolobot/install/yolobot_control/share/yolobot_control/local_setup.zsh
[0.177s] -- Up-to-date: /home/uday22/yolobot/install/yolobot_control/share/yolobot_control/local_setup.dsv
[0.177s] -- Up-to-date: /home/uday22/yolobot/install/yolobot_control/share/yolobot_control/package.dsv
[0.178s] -- Up-to-date: /home/uday22/yolobot/install/yolobot_control/share/ament_index/resource_index/packages/yolobot_control
[0.178s] -- Up-to-date: /home/uday22/yolobot/install/yolobot_control/share/yolobot_control/cmake/yolobot_controlConfig.cmake
[0.178s] -- Up-to-date: /home/uday22/yolobot/install/yolobot_control/share/yolobot_control/cmake/yolobot_controlConfig-version.cmake
[0.178s] -- Up-to-date: /home/uday22/yolobot/install/yolobot_control/share/yolobot_control/package.xml
[0.181s] Invoked command in '/home/uday22/yolobot/build/yolobot_control' returned '0': CMAKE_PREFIX_PATH=/home/uday22/ros2_ws/install/my_robot_controller:/opt/ros/humble /home/uday22/.local/bin/cmake --install /home/uday22/yolobot/build/yolobot_control
