[0.016s] Invoking command in '/home/uday22/yolobot/build/yolobot_gazebo': CMAKE_PREFIX_PATH=/home/uday22/ros2_ws/install/my_robot_controller:/opt/ros/humble /usr/bin/cmake /home/uday22/yolobot/src/yolobot_gazebo -DCMAKE_INSTALL_PREFIX=/home/uday22/yolobot/install/yolobot_gazebo
[0.096s] -- The C compiler identification is GNU 11.3.0
[0.168s] -- The CXX compiler identification is GNU 11.3.0
[0.176s] -- Detecting C compiler ABI info
[0.223s] -- Detecting C compiler ABI info - done
[0.229s] -- Check for working C compiler: /usr/bin/cc - skipped
[0.229s] -- Detecting C compile features
[0.229s] -- Detecting C compile features - done
[0.232s] -- Detecting CXX compiler ABI info
[0.284s] -- Detecting CXX compiler ABI info - done
[0.290s] -- Check for working CXX compiler: /usr/bin/c++ - skipped
[0.290s] -- Detecting CXX compile features
[0.291s] -- Detecting CXX compile features - done
[0.296s] -- Found ament_cmake: 1.3.3 (/opt/ros/humble/share/ament_cmake/cmake)
[0.421s] -- Found Python3: /usr/bin/python3.10 (found version "3.10.6") found components: Interpreter 
[0.500s] -- Found rclpy: 3.3.7 (/opt/ros/humble/share/rclpy/cmake)
[0.501s] -- Found ament_lint_auto: 0.12.5 (/opt/ros/humble/share/ament_lint_auto/cmake)
[0.570s] -- Added test 'copyright' to check source files copyright and LICENSE
[0.571s] -- Added test 'flake8' to check Python code syntax and style conventions
[0.571s] -- Added test 'lint_cmake' to check CMake code style
[0.572s] -- Added test 'pep257' to check Python code against some of the docstring style conventions in PEP 257
[0.572s] -- Added test 'xmllint' to check XML markup files
[0.573s] -- Configuring done
[0.576s] -- Generating done
[0.577s] -- Build files have been written to: /home/uday22/yolobot/build/yolobot_gazebo
[0.586s] Invoked command in '/home/uday22/yolobot/build/yolobot_gazebo' returned '0': CMAKE_PREFIX_PATH=/home/uday22/ros2_ws/install/my_robot_controller:/opt/ros/humble /usr/bin/cmake /home/uday22/yolobot/src/yolobot_gazebo -DCMAKE_INSTALL_PREFIX=/home/uday22/yolobot/install/yolobot_gazebo
[0.587s] Invoking command in '/home/uday22/yolobot/build/yolobot_gazebo': CMAKE_PREFIX_PATH=/home/uday22/ros2_ws/install/my_robot_controller:/opt/ros/humble /usr/bin/cmake --build /home/uday22/yolobot/build/yolobot_gazebo -- -j12 -l12
[0.611s] Invoked command in '/home/uday22/yolobot/build/yolobot_gazebo' returned '0': CMAKE_PREFIX_PATH=/home/uday22/ros2_ws/install/my_robot_controller:/opt/ros/humble /usr/bin/cmake --build /home/uday22/yolobot/build/yolobot_gazebo -- -j12 -l12
[0.627s] Invoking command in '/home/uday22/yolobot/build/yolobot_gazebo': CMAKE_PREFIX_PATH=/home/uday22/ros2_ws/install/my_robot_controller:/opt/ros/humble /usr/bin/cmake --install /home/uday22/yolobot/build/yolobot_gazebo
[0.631s] -- Install configuration: ""
[0.631s] -- Installing: /home/uday22/yolobot/install/yolobot_gazebo/share/yolobot_gazebo//launch
[0.632s] -- Installing: /home/uday22/yolobot/install/yolobot_gazebo/share/yolobot_gazebo//launch/start_world_launch.py
[0.633s] -- Installing: /home/uday22/yolobot/install/yolobot_gazebo/share/yolobot_gazebo//launch/yolobot_launch.py
[0.634s] -- Installing: /home/uday22/yolobot/install/yolobot_gazebo/share/yolobot_gazebo//worlds
[0.634s] -- Installing: /home/uday22/yolobot/install/yolobot_gazebo/share/yolobot_gazebo//worlds/yolo_test.world
[0.634s] -- Installing: /home/uday22/yolobot/install/yolobot_gazebo/share/ament_index/resource_index/package_run_dependencies/yolobot_gazebo
[0.634s] -- Installing: /home/uday22/yolobot/install/yolobot_gazebo/share/ament_index/resource_index/parent_prefix_path/yolobot_gazebo
[0.634s] -- Installing: /home/uday22/yolobot/install/yolobot_gazebo/share/yolobot_gazebo/environment/ament_prefix_path.sh
[0.635s] -- Installing: /home/uday22/yolobot/install/yolobot_gazebo/share/yolobot_gazebo/environment/ament_prefix_path.dsv
[0.635s] -- Installing: /home/uday22/yolobot/install/yolobot_gazebo/share/yolobot_gazebo/environment/path.sh
[0.635s] -- Installing: /home/uday22/yolobot/install/yolobot_gazebo/share/yolobot_gazebo/environment/path.dsv
[0.635s] -- Installing: /home/uday22/yolobot/install/yolobot_gazebo/share/yolobot_gazebo/local_setup.bash
[0.635s] -- Installing: /home/uday22/yolobot/install/yolobot_gazebo/share/yolobot_gazebo/local_setup.sh
[0.635s] -- Installing: /home/uday22/yolobot/install/yolobot_gazebo/share/yolobot_gazebo/local_setup.zsh
[0.635s] -- Installing: /home/uday22/yolobot/install/yolobot_gazebo/share/yolobot_gazebo/local_setup.dsv
[0.635s] -- Installing: /home/uday22/yolobot/install/yolobot_gazebo/share/yolobot_gazebo/package.dsv
[0.636s] -- Installing: /home/uday22/yolobot/install/yolobot_gazebo/share/ament_index/resource_index/packages/yolobot_gazebo
[0.636s] -- Installing: /home/uday22/yolobot/install/yolobot_gazebo/share/yolobot_gazebo/cmake/yolobot_gazeboConfig.cmake
[0.636s] -- Installing: /home/uday22/yolobot/install/yolobot_gazebo/share/yolobot_gazebo/cmake/yolobot_gazeboConfig-version.cmake
[0.636s] -- Installing: /home/uday22/yolobot/install/yolobot_gazebo/share/yolobot_gazebo/package.xml
[0.653s] Invoked command in '/home/uday22/yolobot/build/yolobot_gazebo' returned '0': CMAKE_PREFIX_PATH=/home/uday22/ros2_ws/install/my_robot_controller:/opt/ros/humble /usr/bin/cmake --install /home/uday22/yolobot/build/yolobot_gazebo
