[0.018s] Invoking command in '/home/uday22/yolobot/build/yolobot_recognition': CMAKE_PREFIX_PATH=/home/uday22/ros2_ws/install/my_robot_controller:/opt/ros/humble /home/uday22/.local/bin/cmake --build /home/uday22/yolobot/build/yolobot_recognition -- -j12 -l12
[0.082s] Invoked command in '/home/uday22/yolobot/build/yolobot_recognition' returned '0': CMAKE_PREFIX_PATH=/home/uday22/ros2_ws/install/my_robot_controller:/opt/ros/humble /home/uday22/.local/bin/cmake --build /home/uday22/yolobot/build/yolobot_recognition -- -j12 -l12
[0.138s] Invoking command in '/home/uday22/yolobot/build/yolobot_recognition': CMAKE_PREFIX_PATH=/home/uday22/ros2_ws/install/my_robot_controller:/opt/ros/humble /home/uday22/.local/bin/cmake --install /home/uday22/yolobot/build/yolobot_recognition
[0.157s] -- Install configuration: ""
[0.157s] -- Up-to-date: /home/uday22/yolobot/install/yolobot_recognition/share/yolobot_recognition//scripts
[0.157s] -- Up-to-date: /home/uday22/yolobot/install/yolobot_recognition/share/yolobot_recognition//scripts/.gitattributes
[0.158s] -- Installing: /home/uday22/yolobot/install/yolobot_recognition/share/yolobot_recognition//scripts/yolov8_ros2_subscriber.py
[0.158s] -- Installing: /home/uday22/yolobot/install/yolobot_recognition/share/yolobot_recognition//scripts/yolov8n.pt
[0.168s] -- Installing: /home/uday22/yolobot/install/yolobot_recognition/share/yolobot_recognition//scripts/yolov8_ros2_pt.py
[0.168s] -- Up-to-date: /home/uday22/yolobot/install/yolobot_recognition/share/yolobot_recognition//scripts/.dockerignore
[0.168s] -- Up-to-date: /home/uday22/yolobot/install/yolobot_recognition/share/yolobot_recognition//scripts/.gitignore
[0.169s] -- Up-to-date: /home/uday22/yolobot/install/yolobot_recognition/share/yolobot_recognition//launch
[0.169s] -- Up-to-date: /home/uday22/yolobot/install/yolobot_recognition/share/yolobot_recognition//launch/launch_yolov8.launch.py
[0.169s] -- Installing: /home/uday22/yolobot/install/yolobot_recognition/lib/yolobot_recognition/yolov8_ros2_pt.py
[0.169s] -- Installing: /home/uday22/yolobot/install/yolobot_recognition/lib/yolobot_recognition/yolov8_ros2_subscriber.py
[0.169s] -- Up-to-date: /home/uday22/yolobot/install/yolobot_recognition/lib/yolobot_recognition/launch_yolov8.launch.py
[0.169s] -- Up-to-date: /home/uday22/yolobot/install/yolobot_recognition/share/ament_index/resource_index/package_run_dependencies/yolobot_recognition
[0.169s] -- Up-to-date: /home/uday22/yolobot/install/yolobot_recognition/share/ament_index/resource_index/parent_prefix_path/yolobot_recognition
[0.169s] -- Up-to-date: /home/uday22/yolobot/install/yolobot_recognition/share/yolobot_recognition/environment/ament_prefix_path.sh
[0.169s] -- Up-to-date: /home/uday22/yolobot/install/yolobot_recognition/share/yolobot_recognition/environment/ament_prefix_path.dsv
[0.170s] -- Up-to-date: /home/uday22/yolobot/install/yolobot_recognition/share/yolobot_recognition/environment/path.sh
[0.170s] -- Up-to-date: /home/uday22/yolobot/install/yolobot_recognition/share/yolobot_recognition/environment/path.dsv
[0.170s] -- Up-to-date: /home/uday22/yolobot/install/yolobot_recognition/share/yolobot_recognition/local_setup.bash
[0.170s] -- Up-to-date: /home/uday22/yolobot/install/yolobot_recognition/share/yolobot_recognition/local_setup.sh
[0.170s] -- Up-to-date: /home/uday22/yolobot/install/yolobot_recognition/share/yolobot_recognition/local_setup.zsh
[0.170s] -- Up-to-date: /home/uday22/yolobot/install/yolobot_recognition/share/yolobot_recognition/local_setup.dsv
[0.170s] -- Up-to-date: /home/uday22/yolobot/install/yolobot_recognition/share/yolobot_recognition/package.dsv
[0.170s] -- Up-to-date: /home/uday22/yolobot/install/yolobot_recognition/share/ament_index/resource_index/packages/yolobot_recognition
[0.170s] -- Up-to-date: /home/uday22/yolobot/install/yolobot_recognition/share/yolobot_recognition/cmake/yolobot_recognitionConfig.cmake
[0.170s] -- Up-to-date: /home/uday22/yolobot/install/yolobot_recognition/share/yolobot_recognition/cmake/yolobot_recognitionConfig-version.cmake
[0.170s] -- Up-to-date: /home/uday22/yolobot/install/yolobot_recognition/share/yolobot_recognition/package.xml
[0.184s] Invoked command in '/home/uday22/yolobot/build/yolobot_recognition' returned '0': CMAKE_PREFIX_PATH=/home/uday22/ros2_ws/install/my_robot_controller:/opt/ros/humble /home/uday22/.local/bin/cmake --install /home/uday22/yolobot/build/yolobot_recognition
