[0.271s] DEBUG:colcon:Command line arguments: ['/usr/bin/colcon', 'list', '-p', '--base-paths', '/home/uday22/yolobot']
[0.271s] DEBUG:colcon:Parsed command line arguments: Namespace(log_base=None, log_level=None, verb_name='list', build_base='build', ignore_user_meta=False, metas=['./colcon.meta'], base_paths=['/home/uday22/yolobot'], packages_ignore=None, packages_ignore_regex=None, paths=None, packages_up_to=None, packages_up_to_regex=None, packages_above=None, packages_above_and_dependencies=None, packages_above_depth=None, packages_select_by_dep=None, packages_skip_by_dep=None, packages_skip_up_to=None, packages_select_build_failed=False, packages_skip_build_finished=False, packages_select_test_failures=False, packages_skip_test_passed=False, packages_select=None, packages_skip=None, packages_select_regex=None, packages_skip_regex=None, packages_start=None, packages_end=None, allow_overriding=[], topological_order=False, names_only=False, paths_only=True, topological_graph=False, topological_graph_dot=False, topological_graph_density=False, topological_graph_legend=False, topological_graph_dot_cluster=False, topological_graph_dot_include_skipped=False, verb_parser=<colcon_defaults.argument_parser.defaults.DefaultArgumentsDecorator object at 0x7f5e62fd5150>, verb_extension=<colcon_package_information.verb.list.ListVerb object at 0x7f5e62f9bf70>, main=<bound method ListVerb.main of <colcon_package_information.verb.list.ListVerb object at 0x7f5e62f9bf70>>)
[0.305s] Level 1:colcon.colcon_core.package_discovery:discover_packages(colcon_meta) check parameters
[0.305s] Level 1:colcon.colcon_core.package_discovery:discover_packages(recursive) check parameters
[0.305s] Level 1:colcon.colcon_core.package_discovery:discover_packages(ignore) check parameters
[0.305s] Level 1:colcon.colcon_core.package_discovery:discover_packages(path) check parameters
[0.305s] Level 1:colcon.colcon_core.package_discovery:discover_packages(recursive) discover
[0.305s] INFO:colcon.colcon_core.package_discovery:Crawling recursively for packages in '/home/uday22/yolobot'
[0.305s] Level 1:colcon.colcon_core.package_identification:_identify(/home/uday22/yolobot) by extensions ['ignore', 'ignore_ament_install']
[0.305s] Level 1:colcon.colcon_core.package_identification:_identify(/home/uday22/yolobot) by extension 'ignore'
[0.305s] Level 1:colcon.colcon_core.package_identification:_identify(/home/uday22/yolobot) by extension 'ignore_ament_install'
[0.305s] Level 1:colcon.colcon_core.package_identification:_identify(/home/uday22/yolobot) by extensions ['colcon_pkg']
[0.305s] Level 1:colcon.colcon_core.package_identification:_identify(/home/uday22/yolobot) by extension 'colcon_pkg'
[0.305s] Level 1:colcon.colcon_core.package_identification:_identify(/home/uday22/yolobot) by extensions ['colcon_meta']
[0.305s] Level 1:colcon.colcon_core.package_identification:_identify(/home/uday22/yolobot) by extension 'colcon_meta'
[0.306s] Level 1:colcon.colcon_core.package_identification:_identify(/home/uday22/yolobot) by extensions ['ros']
[0.306s] Level 1:colcon.colcon_core.package_identification:_identify(/home/uday22/yolobot) by extension 'ros'
[0.315s] Level 1:colcon.colcon_core.package_identification:_identify(/home/uday22/yolobot) by extensions ['cmake', 'python']
[0.315s] Level 1:colcon.colcon_core.package_identification:_identify(/home/uday22/yolobot) by extension 'cmake'
[0.315s] Level 1:colcon.colcon_core.package_identification:_identify(/home/uday22/yolobot) by extension 'python'
[0.315s] Level 1:colcon.colcon_core.package_identification:_identify(/home/uday22/yolobot) by extensions ['python_setup_py']
[0.315s] Level 1:colcon.colcon_core.package_identification:_identify(/home/uday22/yolobot) by extension 'python_setup_py'
[0.315s] Level 1:colcon.colcon_core.package_identification:_identify(/home/uday22/yolobot/log) by extensions ['ignore', 'ignore_ament_install']
[0.315s] Level 1:colcon.colcon_core.package_identification:_identify(/home/uday22/yolobot/log) by extension 'ignore'
[0.315s] Level 1:colcon.colcon_core.package_identification:_identify(/home/uday22/yolobot/log) ignored
[0.315s] Level 1:colcon.colcon_core.package_identification:_identify(/home/uday22/yolobot/models) by extensions ['ignore', 'ignore_ament_install']
[0.315s] Level 1:colcon.colcon_core.package_identification:_identify(/home/uday22/yolobot/models) by extension 'ignore'
[0.315s] Level 1:colcon.colcon_core.package_identification:_identify(/home/uday22/yolobot/models) by extension 'ignore_ament_install'
[0.316s] Level 1:colcon.colcon_core.package_identification:_identify(/home/uday22/yolobot/models) by extensions ['colcon_pkg']
[0.316s] Level 1:colcon.colcon_core.package_identification:_identify(/home/uday22/yolobot/models) by extension 'colcon_pkg'
[0.316s] Level 1:colcon.colcon_core.package_identification:_identify(/home/uday22/yolobot/models) by extensions ['colcon_meta']
[0.316s] Level 1:colcon.colcon_core.package_identification:_identify(/home/uday22/yolobot/models) by extension 'colcon_meta'
[0.316s] Level 1:colcon.colcon_core.package_identification:_identify(/home/uday22/yolobot/models) by extensions ['ros']
[0.316s] Level 1:colcon.colcon_core.package_identification:_identify(/home/uday22/yolobot/models) by extension 'ros'
[0.316s] Level 1:colcon.colcon_core.package_identification:_identify(/home/uday22/yolobot/models) by extensions ['cmake', 'python']
[0.316s] Level 1:colcon.colcon_core.package_identification:_identify(/home/uday22/yolobot/models) by extension 'cmake'
[0.316s] Level 1:colcon.colcon_core.package_identification:_identify(/home/uday22/yolobot/models) by extension 'python'
[0.316s] Level 1:colcon.colcon_core.package_identification:_identify(/home/uday22/yolobot/models) by extensions ['python_setup_py']
[0.316s] Level 1:colcon.colcon_core.package_identification:_identify(/home/uday22/yolobot/models) by extension 'python_setup_py'
[0.316s] Level 1:colcon.colcon_core.package_identification:_identify(/home/uday22/yolobot/models/bus) by extensions ['ignore', 'ignore_ament_install']
[0.316s] Level 1:colcon.colcon_core.package_identification:_identify(/home/uday22/yolobot/models/bus) by extension 'ignore'
[0.316s] Level 1:colcon.colcon_core.package_identification:_identify(/home/uday22/yolobot/models/bus) by extension 'ignore_ament_install'
[0.316s] Level 1:colcon.colcon_core.package_identification:_identify(/home/uday22/yolobot/models/bus) by extensions ['colcon_pkg']
[0.316s] Level 1:colcon.colcon_core.package_identification:_identify(/home/uday22/yolobot/models/bus) by extension 'colcon_pkg'
[0.316s] Level 1:colcon.colcon_core.package_identification:_identify(/home/uday22/yolobot/models/bus) by extensions ['colcon_meta']
[0.316s] Level 1:colcon.colcon_core.package_identification:_identify(/home/uday22/yolobot/models/bus) by extension 'colcon_meta'
[0.316s] Level 1:colcon.colcon_core.package_identification:_identify(/home/uday22/yolobot/models/bus) by extensions ['ros']
[0.316s] Level 1:colcon.colcon_core.package_identification:_identify(/home/uday22/yolobot/models/bus) by extension 'ros'
[0.316s] Level 1:colcon.colcon_core.package_identification:_identify(/home/uday22/yolobot/models/bus) by extensions ['cmake', 'python']
[0.316s] Level 1:colcon.colcon_core.package_identification:_identify(/home/uday22/yolobot/models/bus) by extension 'cmake'
[0.316s] Level 1:colcon.colcon_core.package_identification:_identify(/home/uday22/yolobot/models/bus) by extension 'python'
[0.316s] Level 1:colcon.colcon_core.package_identification:_identify(/home/uday22/yolobot/models/bus) by extensions ['python_setup_py']
[0.316s] Level 1:colcon.colcon_core.package_identification:_identify(/home/uday22/yolobot/models/bus) by extension 'python_setup_py'
[0.317s] Level 1:colcon.colcon_core.package_identification:_identify(/home/uday22/yolobot/models/bus/materials) by extensions ['ignore', 'ignore_ament_install']
[0.317s] Level 1:colcon.colcon_core.package_identification:_identify(/home/uday22/yolobot/models/bus/materials) by extension 'ignore'
[0.317s] Level 1:colcon.colcon_core.package_identification:_identify(/home/uday22/yolobot/models/bus/materials) by extension 'ignore_ament_install'
[0.317s] Level 1:colcon.colcon_core.package_identification:_identify(/home/uday22/yolobot/models/bus/materials) by extensions ['colcon_pkg']
[0.317s] Level 1:colcon.colcon_core.package_identification:_identify(/home/uday22/yolobot/models/bus/materials) by extension 'colcon_pkg'
[0.317s] Level 1:colcon.colcon_core.package_identification:_identify(/home/uday22/yolobot/models/bus/materials) by extensions ['colcon_meta']
[0.317s] Level 1:colcon.colcon_core.package_identification:_identify(/home/uday22/yolobot/models/bus/materials) by extension 'colcon_meta'
[0.317s] Level 1:colcon.colcon_core.package_identification:_identify(/home/uday22/yolobot/models/bus/materials) by extensions ['ros']
[0.317s] Level 1:colcon.colcon_core.package_identification:_identify(/home/uday22/yolobot/models/bus/materials) by extension 'ros'
[0.317s] Level 1:colcon.colcon_core.package_identification:_identify(/home/uday22/yolobot/models/bus/materials) by extensions ['cmake', 'python']
[0.317s] Level 1:colcon.colcon_core.package_identification:_identify(/home/uday22/yolobot/models/bus/materials) by extension 'cmake'
[0.317s] Level 1:colcon.colcon_core.package_identification:_identify(/home/uday22/yolobot/models/bus/materials) by extension 'python'
[0.317s] Level 1:colcon.colcon_core.package_identification:_identify(/home/uday22/yolobot/models/bus/materials) by extensions ['python_setup_py']
[0.317s] Level 1:colcon.colcon_core.package_identification:_identify(/home/uday22/yolobot/models/bus/materials) by extension 'python_setup_py'
[0.317s] Level 1:colcon.colcon_core.package_identification:_identify(/home/uday22/yolobot/models/bus/materials/textures) by extensions ['ignore', 'ignore_ament_install']
[0.317s] Level 1:colcon.colcon_core.package_identification:_identify(/home/uday22/yolobot/models/bus/materials/textures) by extension 'ignore'
[0.317s] Level 1:colcon.colcon_core.package_identification:_identify(/home/uday22/yolobot/models/bus/materials/textures) by extension 'ignore_ament_install'
[0.317s] Level 1:colcon.colcon_core.package_identification:_identify(/home/uday22/yolobot/models/bus/materials/textures) by extensions ['colcon_pkg']
[0.317s] Level 1:colcon.colcon_core.package_identification:_identify(/home/uday22/yolobot/models/bus/materials/textures) by extension 'colcon_pkg'
[0.317s] Level 1:colcon.colcon_core.package_identification:_identify(/home/uday22/yolobot/models/bus/materials/textures) by extensions ['colcon_meta']
[0.317s] Level 1:colcon.colcon_core.package_identification:_identify(/home/uday22/yolobot/models/bus/materials/textures) by extension 'colcon_meta'
[0.317s] Level 1:colcon.colcon_core.package_identification:_identify(/home/uday22/yolobot/models/bus/materials/textures) by extensions ['ros']
[0.317s] Level 1:colcon.colcon_core.package_identification:_identify(/home/uday22/yolobot/models/bus/materials/textures) by extension 'ros'
[0.318s] Level 1:colcon.colcon_core.package_identification:_identify(/home/uday22/yolobot/models/bus/materials/textures) by extensions ['cmake', 'python']
[0.318s] Level 1:colcon.colcon_core.package_identification:_identify(/home/uday22/yolobot/models/bus/materials/textures) by extension 'cmake'
[0.318s] Level 1:colcon.colcon_core.package_identification:_identify(/home/uday22/yolobot/models/bus/materials/textures) by extension 'python'
[0.318s] Level 1:colcon.colcon_core.package_identification:_identify(/home/uday22/yolobot/models/bus/materials/textures) by extensions ['python_setup_py']
[0.318s] Level 1:colcon.colcon_core.package_identification:_identify(/home/uday22/yolobot/models/bus/materials/textures) by extension 'python_setup_py'
[0.318s] Level 1:colcon.colcon_core.package_identification:_identify(/home/uday22/yolobot/models/bus/meshes) by extensions ['ignore', 'ignore_ament_install']
[0.318s] Level 1:colcon.colcon_core.package_identification:_identify(/home/uday22/yolobot/models/bus/meshes) by extension 'ignore'
[0.318s] Level 1:colcon.colcon_core.package_identification:_identify(/home/uday22/yolobot/models/bus/meshes) by extension 'ignore_ament_install'
[0.318s] Level 1:colcon.colcon_core.package_identification:_identify(/home/uday22/yolobot/models/bus/meshes) by extensions ['colcon_pkg']
[0.318s] Level 1:colcon.colcon_core.package_identification:_identify(/home/uday22/yolobot/models/bus/meshes) by extension 'colcon_pkg'
[0.318s] Level 1:colcon.colcon_core.package_identification:_identify(/home/uday22/yolobot/models/bus/meshes) by extensions ['colcon_meta']
[0.318s] Level 1:colcon.colcon_core.package_identification:_identify(/home/uday22/yolobot/models/bus/meshes) by extension 'colcon_meta'
[0.318s] Level 1:colcon.colcon_core.package_identification:_identify(/home/uday22/yolobot/models/bus/meshes) by extensions ['ros']
[0.318s] Level 1:colcon.colcon_core.package_identification:_identify(/home/uday22/yolobot/models/bus/meshes) by extension 'ros'
[0.318s] Level 1:colcon.colcon_core.package_identification:_identify(/home/uday22/yolobot/models/bus/meshes) by extensions ['cmake', 'python']
[0.318s] Level 1:colcon.colcon_core.package_identification:_identify(/home/uday22/yolobot/models/bus/meshes) by extension 'cmake'
[0.318s] Level 1:colcon.colcon_core.package_identification:_identify(/home/uday22/yolobot/models/bus/meshes) by extension 'python'
[0.318s] Level 1:colcon.colcon_core.package_identification:_identify(/home/uday22/yolobot/models/bus/meshes) by extensions ['python_setup_py']
[0.318s] Level 1:colcon.colcon_core.package_identification:_identify(/home/uday22/yolobot/models/bus/meshes) by extension 'python_setup_py'
[0.318s] Level 1:colcon.colcon_core.package_identification:_identify(/home/uday22/yolobot/models/person_standing) by extensions ['ignore', 'ignore_ament_install']
[0.318s] Level 1:colcon.colcon_core.package_identification:_identify(/home/uday22/yolobot/models/person_standing) by extension 'ignore'
[0.318s] Level 1:colcon.colcon_core.package_identification:_identify(/home/uday22/yolobot/models/person_standing) by extension 'ignore_ament_install'
[0.318s] Level 1:colcon.colcon_core.package_identification:_identify(/home/uday22/yolobot/models/person_standing) by extensions ['colcon_pkg']
[0.318s] Level 1:colcon.colcon_core.package_identification:_identify(/home/uday22/yolobot/models/person_standing) by extension 'colcon_pkg'
[0.318s] Level 1:colcon.colcon_core.package_identification:_identify(/home/uday22/yolobot/models/person_standing) by extensions ['colcon_meta']
[0.319s] Level 1:colcon.colcon_core.package_identification:_identify(/home/uday22/yolobot/models/person_standing) by extension 'colcon_meta'
[0.319s] Level 1:colcon.colcon_core.package_identification:_identify(/home/uday22/yolobot/models/person_standing) by extensions ['ros']
[0.319s] Level 1:colcon.colcon_core.package_identification:_identify(/home/uday22/yolobot/models/person_standing) by extension 'ros'
[0.319s] Level 1:colcon.colcon_core.package_identification:_identify(/home/uday22/yolobot/models/person_standing) by extensions ['cmake', 'python']
[0.319s] Level 1:colcon.colcon_core.package_identification:_identify(/home/uday22/yolobot/models/person_standing) by extension 'cmake'
[0.319s] Level 1:colcon.colcon_core.package_identification:_identify(/home/uday22/yolobot/models/person_standing) by extension 'python'
[0.319s] Level 1:colcon.colcon_core.package_identification:_identify(/home/uday22/yolobot/models/person_standing) by extensions ['python_setup_py']
[0.319s] Level 1:colcon.colcon_core.package_identification:_identify(/home/uday22/yolobot/models/person_standing) by extension 'python_setup_py'
[0.319s] Level 1:colcon.colcon_core.package_identification:_identify(/home/uday22/yolobot/models/person_standing/materials) by extensions ['ignore', 'ignore_ament_install']
[0.319s] Level 1:colcon.colcon_core.package_identification:_identify(/home/uday22/yolobot/models/person_standing/materials) by extension 'ignore'
[0.319s] Level 1:colcon.colcon_core.package_identification:_identify(/home/uday22/yolobot/models/person_standing/materials) by extension 'ignore_ament_install'
[0.319s] Level 1:colcon.colcon_core.package_identification:_identify(/home/uday22/yolobot/models/person_standing/materials) by extensions ['colcon_pkg']
[0.319s] Level 1:colcon.colcon_core.package_identification:_identify(/home/uday22/yolobot/models/person_standing/materials) by extension 'colcon_pkg'
[0.319s] Level 1:colcon.colcon_core.package_identification:_identify(/home/uday22/yolobot/models/person_standing/materials) by extensions ['colcon_meta']
[0.319s] Level 1:colcon.colcon_core.package_identification:_identify(/home/uday22/yolobot/models/person_standing/materials) by extension 'colcon_meta'
[0.319s] Level 1:colcon.colcon_core.package_identification:_identify(/home/uday22/yolobot/models/person_standing/materials) by extensions ['ros']
[0.319s] Level 1:colcon.colcon_core.package_identification:_identify(/home/uday22/yolobot/models/person_standing/materials) by extension 'ros'
[0.319s] Level 1:colcon.colcon_core.package_identification:_identify(/home/uday22/yolobot/models/person_standing/materials) by extensions ['cmake', 'python']
[0.319s] Level 1:colcon.colcon_core.package_identification:_identify(/home/uday22/yolobot/models/person_standing/materials) by extension 'cmake'
[0.319s] Level 1:colcon.colcon_core.package_identification:_identify(/home/uday22/yolobot/models/person_standing/materials) by extension 'python'
[0.319s] Level 1:colcon.colcon_core.package_identification:_identify(/home/uday22/yolobot/models/person_standing/materials) by extensions ['python_setup_py']
[0.319s] Level 1:colcon.colcon_core.package_identification:_identify(/home/uday22/yolobot/models/person_standing/materials) by extension 'python_setup_py'
[0.319s] Level 1:colcon.colcon_core.package_identification:_identify(/home/uday22/yolobot/models/person_standing/materials/textures) by extensions ['ignore', 'ignore_ament_install']
[0.319s] Level 1:colcon.colcon_core.package_identification:_identify(/home/uday22/yolobot/models/person_standing/materials/textures) by extension 'ignore'
[0.320s] Level 1:colcon.colcon_core.package_identification:_identify(/home/uday22/yolobot/models/person_standing/materials/textures) by extension 'ignore_ament_install'
[0.320s] Level 1:colcon.colcon_core.package_identification:_identify(/home/uday22/yolobot/models/person_standing/materials/textures) by extensions ['colcon_pkg']
[0.320s] Level 1:colcon.colcon_core.package_identification:_identify(/home/uday22/yolobot/models/person_standing/materials/textures) by extension 'colcon_pkg'
[0.320s] Level 1:colcon.colcon_core.package_identification:_identify(/home/uday22/yolobot/models/person_standing/materials/textures) by extensions ['colcon_meta']
[0.320s] Level 1:colcon.colcon_core.package_identification:_identify(/home/uday22/yolobot/models/person_standing/materials/textures) by extension 'colcon_meta'
[0.320s] Level 1:colcon.colcon_core.package_identification:_identify(/home/uday22/yolobot/models/person_standing/materials/textures) by extensions ['ros']
[0.320s] Level 1:colcon.colcon_core.package_identification:_identify(/home/uday22/yolobot/models/person_standing/materials/textures) by extension 'ros'
[0.320s] Level 1:colcon.colcon_core.package_identification:_identify(/home/uday22/yolobot/models/person_standing/materials/textures) by extensions ['cmake', 'python']
[0.320s] Level 1:colcon.colcon_core.package_identification:_identify(/home/uday22/yolobot/models/person_standing/materials/textures) by extension 'cmake'
[0.320s] Level 1:colcon.colcon_core.package_identification:_identify(/home/uday22/yolobot/models/person_standing/materials/textures) by extension 'python'
[0.320s] Level 1:colcon.colcon_core.package_identification:_identify(/home/uday22/yolobot/models/person_standing/materials/textures) by extensions ['python_setup_py']
[0.320s] Level 1:colcon.colcon_core.package_identification:_identify(/home/uday22/yolobot/models/person_standing/materials/textures) by extension 'python_setup_py'
[0.320s] Level 1:colcon.colcon_core.package_identification:_identify(/home/uday22/yolobot/models/person_standing/meshes) by extensions ['ignore', 'ignore_ament_install']
[0.320s] Level 1:colcon.colcon_core.package_identification:_identify(/home/uday22/yolobot/models/person_standing/meshes) by extension 'ignore'
[0.320s] Level 1:colcon.colcon_core.package_identification:_identify(/home/uday22/yolobot/models/person_standing/meshes) by extension 'ignore_ament_install'
[0.320s] Level 1:colcon.colcon_core.package_identification:_identify(/home/uday22/yolobot/models/person_standing/meshes) by extensions ['colcon_pkg']
[0.320s] Level 1:colcon.colcon_core.package_identification:_identify(/home/uday22/yolobot/models/person_standing/meshes) by extension 'colcon_pkg'
[0.320s] Level 1:colcon.colcon_core.package_identification:_identify(/home/uday22/yolobot/models/person_standing/meshes) by extensions ['colcon_meta']
[0.320s] Level 1:colcon.colcon_core.package_identification:_identify(/home/uday22/yolobot/models/person_standing/meshes) by extension 'colcon_meta'
[0.320s] Level 1:colcon.colcon_core.package_identification:_identify(/home/uday22/yolobot/models/person_standing/meshes) by extensions ['ros']
[0.320s] Level 1:colcon.colcon_core.package_identification:_identify(/home/uday22/yolobot/models/person_standing/meshes) by extension 'ros'
[0.320s] Level 1:colcon.colcon_core.package_identification:_identify(/home/uday22/yolobot/models/person_standing/meshes) by extensions ['cmake', 'python']
[0.320s] Level 1:colcon.colcon_core.package_identification:_identify(/home/uday22/yolobot/models/person_standing/meshes) by extension 'cmake'
[0.320s] Level 1:colcon.colcon_core.package_identification:_identify(/home/uday22/yolobot/models/person_standing/meshes) by extension 'python'
[0.320s] Level 1:colcon.colcon_core.package_identification:_identify(/home/uday22/yolobot/models/person_standing/meshes) by extensions ['python_setup_py']
[0.320s] Level 1:colcon.colcon_core.package_identification:_identify(/home/uday22/yolobot/models/person_standing/meshes) by extension 'python_setup_py'
[0.320s] Level 1:colcon.colcon_core.package_identification:_identify(/home/uday22/yolobot/models/postbox) by extensions ['ignore', 'ignore_ament_install']
[0.321s] Level 1:colcon.colcon_core.package_identification:_identify(/home/uday22/yolobot/models/postbox) by extension 'ignore'
[0.321s] Level 1:colcon.colcon_core.package_identification:_identify(/home/uday22/yolobot/models/postbox) by extension 'ignore_ament_install'
[0.321s] Level 1:colcon.colcon_core.package_identification:_identify(/home/uday22/yolobot/models/postbox) by extensions ['colcon_pkg']
[0.321s] Level 1:colcon.colcon_core.package_identification:_identify(/home/uday22/yolobot/models/postbox) by extension 'colcon_pkg'
[0.321s] Level 1:colcon.colcon_core.package_identification:_identify(/home/uday22/yolobot/models/postbox) by extensions ['colcon_meta']
[0.321s] Level 1:colcon.colcon_core.package_identification:_identify(/home/uday22/yolobot/models/postbox) by extension 'colcon_meta'
[0.321s] Level 1:colcon.colcon_core.package_identification:_identify(/home/uday22/yolobot/models/postbox) by extensions ['ros']
[0.321s] Level 1:colcon.colcon_core.package_identification:_identify(/home/uday22/yolobot/models/postbox) by extension 'ros'
[0.321s] Level 1:colcon.colcon_core.package_identification:_identify(/home/uday22/yolobot/models/postbox) by extensions ['cmake', 'python']
[0.321s] Level 1:colcon.colcon_core.package_identification:_identify(/home/uday22/yolobot/models/postbox) by extension 'cmake'
[0.321s] Level 1:colcon.colcon_core.package_identification:_identify(/home/uday22/yolobot/models/postbox) by extension 'python'
[0.321s] Level 1:colcon.colcon_core.package_identification:_identify(/home/uday22/yolobot/models/postbox) by extensions ['python_setup_py']
[0.321s] Level 1:colcon.colcon_core.package_identification:_identify(/home/uday22/yolobot/models/postbox) by extension 'python_setup_py'
[0.321s] Level 1:colcon.colcon_core.package_identification:_identify(/home/uday22/yolobot/models/postbox/materials) by extensions ['ignore', 'ignore_ament_install']
[0.321s] Level 1:colcon.colcon_core.package_identification:_identify(/home/uday22/yolobot/models/postbox/materials) by extension 'ignore'
[0.321s] Level 1:colcon.colcon_core.package_identification:_identify(/home/uday22/yolobot/models/postbox/materials) by extension 'ignore_ament_install'
[0.321s] Level 1:colcon.colcon_core.package_identification:_identify(/home/uday22/yolobot/models/postbox/materials) by extensions ['colcon_pkg']
[0.321s] Level 1:colcon.colcon_core.package_identification:_identify(/home/uday22/yolobot/models/postbox/materials) by extension 'colcon_pkg'
[0.321s] Level 1:colcon.colcon_core.package_identification:_identify(/home/uday22/yolobot/models/postbox/materials) by extensions ['colcon_meta']
[0.321s] Level 1:colcon.colcon_core.package_identification:_identify(/home/uday22/yolobot/models/postbox/materials) by extension 'colcon_meta'
[0.321s] Level 1:colcon.colcon_core.package_identification:_identify(/home/uday22/yolobot/models/postbox/materials) by extensions ['ros']
[0.321s] Level 1:colcon.colcon_core.package_identification:_identify(/home/uday22/yolobot/models/postbox/materials) by extension 'ros'
[0.321s] Level 1:colcon.colcon_core.package_identification:_identify(/home/uday22/yolobot/models/postbox/materials) by extensions ['cmake', 'python']
[0.321s] Level 1:colcon.colcon_core.package_identification:_identify(/home/uday22/yolobot/models/postbox/materials) by extension 'cmake'
[0.321s] Level 1:colcon.colcon_core.package_identification:_identify(/home/uday22/yolobot/models/postbox/materials) by extension 'python'
[0.321s] Level 1:colcon.colcon_core.package_identification:_identify(/home/uday22/yolobot/models/postbox/materials) by extensions ['python_setup_py']
[0.321s] Level 1:colcon.colcon_core.package_identification:_identify(/home/uday22/yolobot/models/postbox/materials) by extension 'python_setup_py'
[0.322s] Level 1:colcon.colcon_core.package_identification:_identify(/home/uday22/yolobot/models/postbox/materials/textures) by extensions ['ignore', 'ignore_ament_install']
[0.322s] Level 1:colcon.colcon_core.package_identification:_identify(/home/uday22/yolobot/models/postbox/materials/textures) by extension 'ignore'
[0.322s] Level 1:colcon.colcon_core.package_identification:_identify(/home/uday22/yolobot/models/postbox/materials/textures) by extension 'ignore_ament_install'
[0.322s] Level 1:colcon.colcon_core.package_identification:_identify(/home/uday22/yolobot/models/postbox/materials/textures) by extensions ['colcon_pkg']
[0.322s] Level 1:colcon.colcon_core.package_identification:_identify(/home/uday22/yolobot/models/postbox/materials/textures) by extension 'colcon_pkg'
[0.322s] Level 1:colcon.colcon_core.package_identification:_identify(/home/uday22/yolobot/models/postbox/materials/textures) by extensions ['colcon_meta']
[0.322s] Level 1:colcon.colcon_core.package_identification:_identify(/home/uday22/yolobot/models/postbox/materials/textures) by extension 'colcon_meta'
[0.322s] Level 1:colcon.colcon_core.package_identification:_identify(/home/uday22/yolobot/models/postbox/materials/textures) by extensions ['ros']
[0.322s] Level 1:colcon.colcon_core.package_identification:_identify(/home/uday22/yolobot/models/postbox/materials/textures) by extension 'ros'
[0.322s] Level 1:colcon.colcon_core.package_identification:_identify(/home/uday22/yolobot/models/postbox/materials/textures) by extensions ['cmake', 'python']
[0.322s] Level 1:colcon.colcon_core.package_identification:_identify(/home/uday22/yolobot/models/postbox/materials/textures) by extension 'cmake'
[0.322s] Level 1:colcon.colcon_core.package_identification:_identify(/home/uday22/yolobot/models/postbox/materials/textures) by extension 'python'
[0.322s] Level 1:colcon.colcon_core.package_identification:_identify(/home/uday22/yolobot/models/postbox/materials/textures) by extensions ['python_setup_py']
[0.322s] Level 1:colcon.colcon_core.package_identification:_identify(/home/uday22/yolobot/models/postbox/materials/textures) by extension 'python_setup_py'
[0.322s] Level 1:colcon.colcon_core.package_identification:_identify(/home/uday22/yolobot/models/postbox/meshes) by extensions ['ignore', 'ignore_ament_install']
[0.322s] Level 1:colcon.colcon_core.package_identification:_identify(/home/uday22/yolobot/models/postbox/meshes) by extension 'ignore'
[0.322s] Level 1:colcon.colcon_core.package_identification:_identify(/home/uday22/yolobot/models/postbox/meshes) by extension 'ignore_ament_install'
[0.322s] Level 1:colcon.colcon_core.package_identification:_identify(/home/uday22/yolobot/models/postbox/meshes) by extensions ['colcon_pkg']
[0.322s] Level 1:colcon.colcon_core.package_identification:_identify(/home/uday22/yolobot/models/postbox/meshes) by extension 'colcon_pkg'
[0.322s] Level 1:colcon.colcon_core.package_identification:_identify(/home/uday22/yolobot/models/postbox/meshes) by extensions ['colcon_meta']
[0.322s] Level 1:colcon.colcon_core.package_identification:_identify(/home/uday22/yolobot/models/postbox/meshes) by extension 'colcon_meta'
[0.322s] Level 1:colcon.colcon_core.package_identification:_identify(/home/uday22/yolobot/models/postbox/meshes) by extensions ['ros']
[0.322s] Level 1:colcon.colcon_core.package_identification:_identify(/home/uday22/yolobot/models/postbox/meshes) by extension 'ros'
[0.323s] Level 1:colcon.colcon_core.package_identification:_identify(/home/uday22/yolobot/models/postbox/meshes) by extensions ['cmake', 'python']
[0.323s] Level 1:colcon.colcon_core.package_identification:_identify(/home/uday22/yolobot/models/postbox/meshes) by extension 'cmake'
[0.323s] Level 1:colcon.colcon_core.package_identification:_identify(/home/uday22/yolobot/models/postbox/meshes) by extension 'python'
[0.323s] Level 1:colcon.colcon_core.package_identification:_identify(/home/uday22/yolobot/models/postbox/meshes) by extensions ['python_setup_py']
[0.323s] Level 1:colcon.colcon_core.package_identification:_identify(/home/uday22/yolobot/models/postbox/meshes) by extension 'python_setup_py'
[0.323s] Level 1:colcon.colcon_core.package_identification:_identify(/home/uday22/yolobot/models/prius_hybrid) by extensions ['ignore', 'ignore_ament_install']
[0.323s] Level 1:colcon.colcon_core.package_identification:_identify(/home/uday22/yolobot/models/prius_hybrid) by extension 'ignore'
[0.323s] Level 1:colcon.colcon_core.package_identification:_identify(/home/uday22/yolobot/models/prius_hybrid) by extension 'ignore_ament_install'
[0.323s] Level 1:colcon.colcon_core.package_identification:_identify(/home/uday22/yolobot/models/prius_hybrid) by extensions ['colcon_pkg']
[0.323s] Level 1:colcon.colcon_core.package_identification:_identify(/home/uday22/yolobot/models/prius_hybrid) by extension 'colcon_pkg'
[0.323s] Level 1:colcon.colcon_core.package_identification:_identify(/home/uday22/yolobot/models/prius_hybrid) by extensions ['colcon_meta']
[0.323s] Level 1:colcon.colcon_core.package_identification:_identify(/home/uday22/yolobot/models/prius_hybrid) by extension 'colcon_meta'
[0.323s] Level 1:colcon.colcon_core.package_identification:_identify(/home/uday22/yolobot/models/prius_hybrid) by extensions ['ros']
[0.323s] Level 1:colcon.colcon_core.package_identification:_identify(/home/uday22/yolobot/models/prius_hybrid) by extension 'ros'
[0.323s] Level 1:colcon.colcon_core.package_identification:_identify(/home/uday22/yolobot/models/prius_hybrid) by extensions ['cmake', 'python']
[0.323s] Level 1:colcon.colcon_core.package_identification:_identify(/home/uday22/yolobot/models/prius_hybrid) by extension 'cmake'
[0.323s] Level 1:colcon.colcon_core.package_identification:_identify(/home/uday22/yolobot/models/prius_hybrid) by extension 'python'
[0.323s] Level 1:colcon.colcon_core.package_identification:_identify(/home/uday22/yolobot/models/prius_hybrid) by extensions ['python_setup_py']
[0.323s] Level 1:colcon.colcon_core.package_identification:_identify(/home/uday22/yolobot/models/prius_hybrid) by extension 'python_setup_py'
[0.323s] Level 1:colcon.colcon_core.package_identification:_identify(/home/uday22/yolobot/models/prius_hybrid/materials) by extensions ['ignore', 'ignore_ament_install']
[0.323s] Level 1:colcon.colcon_core.package_identification:_identify(/home/uday22/yolobot/models/prius_hybrid/materials) by extension 'ignore'
[0.323s] Level 1:colcon.colcon_core.package_identification:_identify(/home/uday22/yolobot/models/prius_hybrid/materials) by extension 'ignore_ament_install'
[0.323s] Level 1:colcon.colcon_core.package_identification:_identify(/home/uday22/yolobot/models/prius_hybrid/materials) by extensions ['colcon_pkg']
[0.323s] Level 1:colcon.colcon_core.package_identification:_identify(/home/uday22/yolobot/models/prius_hybrid/materials) by extension 'colcon_pkg'
[0.324s] Level 1:colcon.colcon_core.package_identification:_identify(/home/uday22/yolobot/models/prius_hybrid/materials) by extensions ['colcon_meta']
[0.324s] Level 1:colcon.colcon_core.package_identification:_identify(/home/uday22/yolobot/models/prius_hybrid/materials) by extension 'colcon_meta'
[0.324s] Level 1:colcon.colcon_core.package_identification:_identify(/home/uday22/yolobot/models/prius_hybrid/materials) by extensions ['ros']
[0.324s] Level 1:colcon.colcon_core.package_identification:_identify(/home/uday22/yolobot/models/prius_hybrid/materials) by extension 'ros'
[0.324s] Level 1:colcon.colcon_core.package_identification:_identify(/home/uday22/yolobot/models/prius_hybrid/materials) by extensions ['cmake', 'python']
[0.324s] Level 1:colcon.colcon_core.package_identification:_identify(/home/uday22/yolobot/models/prius_hybrid/materials) by extension 'cmake'
[0.324s] Level 1:colcon.colcon_core.package_identification:_identify(/home/uday22/yolobot/models/prius_hybrid/materials) by extension 'python'
[0.324s] Level 1:colcon.colcon_core.package_identification:_identify(/home/uday22/yolobot/models/prius_hybrid/materials) by extensions ['python_setup_py']
[0.324s] Level 1:colcon.colcon_core.package_identification:_identify(/home/uday22/yolobot/models/prius_hybrid/materials) by extension 'python_setup_py'
[0.324s] Level 1:colcon.colcon_core.package_identification:_identify(/home/uday22/yolobot/models/prius_hybrid/materials/textures) by extensions ['ignore', 'ignore_ament_install']
[0.324s] Level 1:colcon.colcon_core.package_identification:_identify(/home/uday22/yolobot/models/prius_hybrid/materials/textures) by extension 'ignore'
[0.324s] Level 1:colcon.colcon_core.package_identification:_identify(/home/uday22/yolobot/models/prius_hybrid/materials/textures) by extension 'ignore_ament_install'
[0.324s] Level 1:colcon.colcon_core.package_identification:_identify(/home/uday22/yolobot/models/prius_hybrid/materials/textures) by extensions ['colcon_pkg']
[0.324s] Level 1:colcon.colcon_core.package_identification:_identify(/home/uday22/yolobot/models/prius_hybrid/materials/textures) by extension 'colcon_pkg'
[0.324s] Level 1:colcon.colcon_core.package_identification:_identify(/home/uday22/yolobot/models/prius_hybrid/materials/textures) by extensions ['colcon_meta']
[0.324s] Level 1:colcon.colcon_core.package_identification:_identify(/home/uday22/yolobot/models/prius_hybrid/materials/textures) by extension 'colcon_meta'
[0.324s] Level 1:colcon.colcon_core.package_identification:_identify(/home/uday22/yolobot/models/prius_hybrid/materials/textures) by extensions ['ros']
[0.324s] Level 1:colcon.colcon_core.package_identification:_identify(/home/uday22/yolobot/models/prius_hybrid/materials/textures) by extension 'ros'
[0.324s] Level 1:colcon.colcon_core.package_identification:_identify(/home/uday22/yolobot/models/prius_hybrid/materials/textures) by extensions ['cmake', 'python']
[0.324s] Level 1:colcon.colcon_core.package_identification:_identify(/home/uday22/yolobot/models/prius_hybrid/materials/textures) by extension 'cmake'
[0.324s] Level 1:colcon.colcon_core.package_identification:_identify(/home/uday22/yolobot/models/prius_hybrid/materials/textures) by extension 'python'
[0.324s] Level 1:colcon.colcon_core.package_identification:_identify(/home/uday22/yolobot/models/prius_hybrid/materials/textures) by extensions ['python_setup_py']
[0.324s] Level 1:colcon.colcon_core.package_identification:_identify(/home/uday22/yolobot/models/prius_hybrid/materials/textures) by extension 'python_setup_py'
[0.324s] Level 1:colcon.colcon_core.package_identification:_identify(/home/uday22/yolobot/models/prius_hybrid/meshes) by extensions ['ignore', 'ignore_ament_install']
[0.324s] Level 1:colcon.colcon_core.package_identification:_identify(/home/uday22/yolobot/models/prius_hybrid/meshes) by extension 'ignore'
[0.325s] Level 1:colcon.colcon_core.package_identification:_identify(/home/uday22/yolobot/models/prius_hybrid/meshes) by extension 'ignore_ament_install'
[0.325s] Level 1:colcon.colcon_core.package_identification:_identify(/home/uday22/yolobot/models/prius_hybrid/meshes) by extensions ['colcon_pkg']
[0.325s] Level 1:colcon.colcon_core.package_identification:_identify(/home/uday22/yolobot/models/prius_hybrid/meshes) by extension 'colcon_pkg'
[0.325s] Level 1:colcon.colcon_core.package_identification:_identify(/home/uday22/yolobot/models/prius_hybrid/meshes) by extensions ['colcon_meta']
[0.325s] Level 1:colcon.colcon_core.package_identification:_identify(/home/uday22/yolobot/models/prius_hybrid/meshes) by extension 'colcon_meta'
[0.325s] Level 1:colcon.colcon_core.package_identification:_identify(/home/uday22/yolobot/models/prius_hybrid/meshes) by extensions ['ros']
[0.325s] Level 1:colcon.colcon_core.package_identification:_identify(/home/uday22/yolobot/models/prius_hybrid/meshes) by extension 'ros'
[0.325s] Level 1:colcon.colcon_core.package_identification:_identify(/home/uday22/yolobot/models/prius_hybrid/meshes) by extensions ['cmake', 'python']
[0.325s] Level 1:colcon.colcon_core.package_identification:_identify(/home/uday22/yolobot/models/prius_hybrid/meshes) by extension 'cmake'
[0.325s] Level 1:colcon.colcon_core.package_identification:_identify(/home/uday22/yolobot/models/prius_hybrid/meshes) by extension 'python'
[0.325s] Level 1:colcon.colcon_core.package_identification:_identify(/home/uday22/yolobot/models/prius_hybrid/meshes) by extensions ['python_setup_py']
[0.325s] Level 1:colcon.colcon_core.package_identification:_identify(/home/uday22/yolobot/models/prius_hybrid/meshes) by extension 'python_setup_py'
[0.325s] Level 1:colcon.colcon_core.package_identification:_identify(/home/uday22/yolobot/models/stop_sign) by extensions ['ignore', 'ignore_ament_install']
[0.325s] Level 1:colcon.colcon_core.package_identification:_identify(/home/uday22/yolobot/models/stop_sign) by extension 'ignore'
[0.325s] Level 1:colcon.colcon_core.package_identification:_identify(/home/uday22/yolobot/models/stop_sign) by extension 'ignore_ament_install'
[0.325s] Level 1:colcon.colcon_core.package_identification:_identify(/home/uday22/yolobot/models/stop_sign) by extensions ['colcon_pkg']
[0.325s] Level 1:colcon.colcon_core.package_identification:_identify(/home/uday22/yolobot/models/stop_sign) by extension 'colcon_pkg'
[0.325s] Level 1:colcon.colcon_core.package_identification:_identify(/home/uday22/yolobot/models/stop_sign) by extensions ['colcon_meta']
[0.325s] Level 1:colcon.colcon_core.package_identification:_identify(/home/uday22/yolobot/models/stop_sign) by extension 'colcon_meta'
[0.325s] Level 1:colcon.colcon_core.package_identification:_identify(/home/uday22/yolobot/models/stop_sign) by extensions ['ros']
[0.325s] Level 1:colcon.colcon_core.package_identification:_identify(/home/uday22/yolobot/models/stop_sign) by extension 'ros'
[0.325s] Level 1:colcon.colcon_core.package_identification:_identify(/home/uday22/yolobot/models/stop_sign) by extensions ['cmake', 'python']
[0.325s] Level 1:colcon.colcon_core.package_identification:_identify(/home/uday22/yolobot/models/stop_sign) by extension 'cmake'
[0.325s] Level 1:colcon.colcon_core.package_identification:_identify(/home/uday22/yolobot/models/stop_sign) by extension 'python'
[0.325s] Level 1:colcon.colcon_core.package_identification:_identify(/home/uday22/yolobot/models/stop_sign) by extensions ['python_setup_py']
[0.325s] Level 1:colcon.colcon_core.package_identification:_identify(/home/uday22/yolobot/models/stop_sign) by extension 'python_setup_py'
[0.325s] Level 1:colcon.colcon_core.package_identification:_identify(/home/uday22/yolobot/models/stop_sign/materials) by extensions ['ignore', 'ignore_ament_install']
[0.326s] Level 1:colcon.colcon_core.package_identification:_identify(/home/uday22/yolobot/models/stop_sign/materials) by extension 'ignore'
[0.326s] Level 1:colcon.colcon_core.package_identification:_identify(/home/uday22/yolobot/models/stop_sign/materials) by extension 'ignore_ament_install'
[0.326s] Level 1:colcon.colcon_core.package_identification:_identify(/home/uday22/yolobot/models/stop_sign/materials) by extensions ['colcon_pkg']
[0.326s] Level 1:colcon.colcon_core.package_identification:_identify(/home/uday22/yolobot/models/stop_sign/materials) by extension 'colcon_pkg'
[0.326s] Level 1:colcon.colcon_core.package_identification:_identify(/home/uday22/yolobot/models/stop_sign/materials) by extensions ['colcon_meta']
[0.326s] Level 1:colcon.colcon_core.package_identification:_identify(/home/uday22/yolobot/models/stop_sign/materials) by extension 'colcon_meta'
[0.326s] Level 1:colcon.colcon_core.package_identification:_identify(/home/uday22/yolobot/models/stop_sign/materials) by extensions ['ros']
[0.326s] Level 1:colcon.colcon_core.package_identification:_identify(/home/uday22/yolobot/models/stop_sign/materials) by extension 'ros'
[0.326s] Level 1:colcon.colcon_core.package_identification:_identify(/home/uday22/yolobot/models/stop_sign/materials) by extensions ['cmake', 'python']
[0.326s] Level 1:colcon.colcon_core.package_identification:_identify(/home/uday22/yolobot/models/stop_sign/materials) by extension 'cmake'
[0.326s] Level 1:colcon.colcon_core.package_identification:_identify(/home/uday22/yolobot/models/stop_sign/materials) by extension 'python'
[0.326s] Level 1:colcon.colcon_core.package_identification:_identify(/home/uday22/yolobot/models/stop_sign/materials) by extensions ['python_setup_py']
[0.326s] Level 1:colcon.colcon_core.package_identification:_identify(/home/uday22/yolobot/models/stop_sign/materials) by extension 'python_setup_py'
[0.326s] Level 1:colcon.colcon_core.package_identification:_identify(/home/uday22/yolobot/models/stop_sign/materials/scripts) by extensions ['ignore', 'ignore_ament_install']
[0.326s] Level 1:colcon.colcon_core.package_identification:_identify(/home/uday22/yolobot/models/stop_sign/materials/scripts) by extension 'ignore'
[0.326s] Level 1:colcon.colcon_core.package_identification:_identify(/home/uday22/yolobot/models/stop_sign/materials/scripts) by extension 'ignore_ament_install'
[0.326s] Level 1:colcon.colcon_core.package_identification:_identify(/home/uday22/yolobot/models/stop_sign/materials/scripts) by extensions ['colcon_pkg']
[0.326s] Level 1:colcon.colcon_core.package_identification:_identify(/home/uday22/yolobot/models/stop_sign/materials/scripts) by extension 'colcon_pkg'
[0.326s] Level 1:colcon.colcon_core.package_identification:_identify(/home/uday22/yolobot/models/stop_sign/materials/scripts) by extensions ['colcon_meta']
[0.326s] Level 1:colcon.colcon_core.package_identification:_identify(/home/uday22/yolobot/models/stop_sign/materials/scripts) by extension 'colcon_meta'
[0.326s] Level 1:colcon.colcon_core.package_identification:_identify(/home/uday22/yolobot/models/stop_sign/materials/scripts) by extensions ['ros']
[0.326s] Level 1:colcon.colcon_core.package_identification:_identify(/home/uday22/yolobot/models/stop_sign/materials/scripts) by extension 'ros'
[0.327s] Level 1:colcon.colcon_core.package_identification:_identify(/home/uday22/yolobot/models/stop_sign/materials/scripts) by extensions ['cmake', 'python']
[0.327s] Level 1:colcon.colcon_core.package_identification:_identify(/home/uday22/yolobot/models/stop_sign/materials/scripts) by extension 'cmake'
[0.327s] Level 1:colcon.colcon_core.package_identification:_identify(/home/uday22/yolobot/models/stop_sign/materials/scripts) by extension 'python'
[0.327s] Level 1:colcon.colcon_core.package_identification:_identify(/home/uday22/yolobot/models/stop_sign/materials/scripts) by extensions ['python_setup_py']
[0.327s] Level 1:colcon.colcon_core.package_identification:_identify(/home/uday22/yolobot/models/stop_sign/materials/scripts) by extension 'python_setup_py'
[0.327s] Level 1:colcon.colcon_core.package_identification:_identify(/home/uday22/yolobot/models/stop_sign/materials/textures) by extensions ['ignore', 'ignore_ament_install']
[0.327s] Level 1:colcon.colcon_core.package_identification:_identify(/home/uday22/yolobot/models/stop_sign/materials/textures) by extension 'ignore'
[0.327s] Level 1:colcon.colcon_core.package_identification:_identify(/home/uday22/yolobot/models/stop_sign/materials/textures) by extension 'ignore_ament_install'
[0.327s] Level 1:colcon.colcon_core.package_identification:_identify(/home/uday22/yolobot/models/stop_sign/materials/textures) by extensions ['colcon_pkg']
[0.327s] Level 1:colcon.colcon_core.package_identification:_identify(/home/uday22/yolobot/models/stop_sign/materials/textures) by extension 'colcon_pkg'
[0.327s] Level 1:colcon.colcon_core.package_identification:_identify(/home/uday22/yolobot/models/stop_sign/materials/textures) by extensions ['colcon_meta']
[0.327s] Level 1:colcon.colcon_core.package_identification:_identify(/home/uday22/yolobot/models/stop_sign/materials/textures) by extension 'colcon_meta'
[0.327s] Level 1:colcon.colcon_core.package_identification:_identify(/home/uday22/yolobot/models/stop_sign/materials/textures) by extensions ['ros']
[0.327s] Level 1:colcon.colcon_core.package_identification:_identify(/home/uday22/yolobot/models/stop_sign/materials/textures) by extension 'ros'
[0.327s] Level 1:colcon.colcon_core.package_identification:_identify(/home/uday22/yolobot/models/stop_sign/materials/textures) by extensions ['cmake', 'python']
[0.327s] Level 1:colcon.colcon_core.package_identification:_identify(/home/uday22/yolobot/models/stop_sign/materials/textures) by extension 'cmake'
[0.327s] Level 1:colcon.colcon_core.package_identification:_identify(/home/uday22/yolobot/models/stop_sign/materials/textures) by extension 'python'
[0.327s] Level 1:colcon.colcon_core.package_identification:_identify(/home/uday22/yolobot/models/stop_sign/materials/textures) by extensions ['python_setup_py']
[0.327s] Level 1:colcon.colcon_core.package_identification:_identify(/home/uday22/yolobot/models/stop_sign/materials/textures) by extension 'python_setup_py'
[0.327s] Level 1:colcon.colcon_core.package_identification:_identify(/home/uday22/yolobot/models/stop_sign/meshes) by extensions ['ignore', 'ignore_ament_install']
[0.327s] Level 1:colcon.colcon_core.package_identification:_identify(/home/uday22/yolobot/models/stop_sign/meshes) by extension 'ignore'
[0.328s] Level 1:colcon.colcon_core.package_identification:_identify(/home/uday22/yolobot/models/stop_sign/meshes) by extension 'ignore_ament_install'
[0.328s] Level 1:colcon.colcon_core.package_identification:_identify(/home/uday22/yolobot/models/stop_sign/meshes) by extensions ['colcon_pkg']
[0.328s] Level 1:colcon.colcon_core.package_identification:_identify(/home/uday22/yolobot/models/stop_sign/meshes) by extension 'colcon_pkg'
[0.328s] Level 1:colcon.colcon_core.package_identification:_identify(/home/uday22/yolobot/models/stop_sign/meshes) by extensions ['colcon_meta']
[0.328s] Level 1:colcon.colcon_core.package_identification:_identify(/home/uday22/yolobot/models/stop_sign/meshes) by extension 'colcon_meta'
[0.328s] Level 1:colcon.colcon_core.package_identification:_identify(/home/uday22/yolobot/models/stop_sign/meshes) by extensions ['ros']
[0.328s] Level 1:colcon.colcon_core.package_identification:_identify(/home/uday22/yolobot/models/stop_sign/meshes) by extension 'ros'
[0.328s] Level 1:colcon.colcon_core.package_identification:_identify(/home/uday22/yolobot/models/stop_sign/meshes) by extensions ['cmake', 'python']
[0.328s] Level 1:colcon.colcon_core.package_identification:_identify(/home/uday22/yolobot/models/stop_sign/meshes) by extension 'cmake'
[0.328s] Level 1:colcon.colcon_core.package_identification:_identify(/home/uday22/yolobot/models/stop_sign/meshes) by extension 'python'
[0.328s] Level 1:colcon.colcon_core.package_identification:_identify(/home/uday22/yolobot/models/stop_sign/meshes) by extensions ['python_setup_py']
[0.328s] Level 1:colcon.colcon_core.package_identification:_identify(/home/uday22/yolobot/models/stop_sign/meshes) by extension 'python_setup_py'
[0.328s] Level 1:colcon.colcon_core.package_identification:_identify(/home/uday22/yolobot/models/suv) by extensions ['ignore', 'ignore_ament_install']
[0.328s] Level 1:colcon.colcon_core.package_identification:_identify(/home/uday22/yolobot/models/suv) by extension 'ignore'
[0.328s] Level 1:colcon.colcon_core.package_identification:_identify(/home/uday22/yolobot/models/suv) by extension 'ignore_ament_install'
[0.328s] Level 1:colcon.colcon_core.package_identification:_identify(/home/uday22/yolobot/models/suv) by extensions ['colcon_pkg']
[0.328s] Level 1:colcon.colcon_core.package_identification:_identify(/home/uday22/yolobot/models/suv) by extension 'colcon_pkg'
[0.328s] Level 1:colcon.colcon_core.package_identification:_identify(/home/uday22/yolobot/models/suv) by extensions ['colcon_meta']
[0.328s] Level 1:colcon.colcon_core.package_identification:_identify(/home/uday22/yolobot/models/suv) by extension 'colcon_meta'
[0.328s] Level 1:colcon.colcon_core.package_identification:_identify(/home/uday22/yolobot/models/suv) by extensions ['ros']
[0.328s] Level 1:colcon.colcon_core.package_identification:_identify(/home/uday22/yolobot/models/suv) by extension 'ros'
[0.328s] Level 1:colcon.colcon_core.package_identification:_identify(/home/uday22/yolobot/models/suv) by extensions ['cmake', 'python']
[0.328s] Level 1:colcon.colcon_core.package_identification:_identify(/home/uday22/yolobot/models/suv) by extension 'cmake'
[0.328s] Level 1:colcon.colcon_core.package_identification:_identify(/home/uday22/yolobot/models/suv) by extension 'python'
[0.328s] Level 1:colcon.colcon_core.package_identification:_identify(/home/uday22/yolobot/models/suv) by extensions ['python_setup_py']
[0.328s] Level 1:colcon.colcon_core.package_identification:_identify(/home/uday22/yolobot/models/suv) by extension 'python_setup_py'
[0.329s] Level 1:colcon.colcon_core.package_identification:_identify(/home/uday22/yolobot/models/suv/materials) by extensions ['ignore', 'ignore_ament_install']
[0.329s] Level 1:colcon.colcon_core.package_identification:_identify(/home/uday22/yolobot/models/suv/materials) by extension 'ignore'
[0.329s] Level 1:colcon.colcon_core.package_identification:_identify(/home/uday22/yolobot/models/suv/materials) by extension 'ignore_ament_install'
[0.329s] Level 1:colcon.colcon_core.package_identification:_identify(/home/uday22/yolobot/models/suv/materials) by extensions ['colcon_pkg']
[0.329s] Level 1:colcon.colcon_core.package_identification:_identify(/home/uday22/yolobot/models/suv/materials) by extension 'colcon_pkg'
[0.329s] Level 1:colcon.colcon_core.package_identification:_identify(/home/uday22/yolobot/models/suv/materials) by extensions ['colcon_meta']
[0.329s] Level 1:colcon.colcon_core.package_identification:_identify(/home/uday22/yolobot/models/suv/materials) by extension 'colcon_meta'
[0.329s] Level 1:colcon.colcon_core.package_identification:_identify(/home/uday22/yolobot/models/suv/materials) by extensions ['ros']
[0.329s] Level 1:colcon.colcon_core.package_identification:_identify(/home/uday22/yolobot/models/suv/materials) by extension 'ros'
[0.329s] Level 1:colcon.colcon_core.package_identification:_identify(/home/uday22/yolobot/models/suv/materials) by extensions ['cmake', 'python']
[0.329s] Level 1:colcon.colcon_core.package_identification:_identify(/home/uday22/yolobot/models/suv/materials) by extension 'cmake'
[0.329s] Level 1:colcon.colcon_core.package_identification:_identify(/home/uday22/yolobot/models/suv/materials) by extension 'python'
[0.329s] Level 1:colcon.colcon_core.package_identification:_identify(/home/uday22/yolobot/models/suv/materials) by extensions ['python_setup_py']
[0.329s] Level 1:colcon.colcon_core.package_identification:_identify(/home/uday22/yolobot/models/suv/materials) by extension 'python_setup_py'
[0.329s] Level 1:colcon.colcon_core.package_identification:_identify(/home/uday22/yolobot/models/suv/materials/textures) by extensions ['ignore', 'ignore_ament_install']
[0.329s] Level 1:colcon.colcon_core.package_identification:_identify(/home/uday22/yolobot/models/suv/materials/textures) by extension 'ignore'
[0.329s] Level 1:colcon.colcon_core.package_identification:_identify(/home/uday22/yolobot/models/suv/materials/textures) by extension 'ignore_ament_install'
[0.329s] Level 1:colcon.colcon_core.package_identification:_identify(/home/uday22/yolobot/models/suv/materials/textures) by extensions ['colcon_pkg']
[0.329s] Level 1:colcon.colcon_core.package_identification:_identify(/home/uday22/yolobot/models/suv/materials/textures) by extension 'colcon_pkg'
[0.329s] Level 1:colcon.colcon_core.package_identification:_identify(/home/uday22/yolobot/models/suv/materials/textures) by extensions ['colcon_meta']
[0.329s] Level 1:colcon.colcon_core.package_identification:_identify(/home/uday22/yolobot/models/suv/materials/textures) by extension 'colcon_meta'
[0.329s] Level 1:colcon.colcon_core.package_identification:_identify(/home/uday22/yolobot/models/suv/materials/textures) by extensions ['ros']
[0.329s] Level 1:colcon.colcon_core.package_identification:_identify(/home/uday22/yolobot/models/suv/materials/textures) by extension 'ros'
[0.329s] Level 1:colcon.colcon_core.package_identification:_identify(/home/uday22/yolobot/models/suv/materials/textures) by extensions ['cmake', 'python']
[0.329s] Level 1:colcon.colcon_core.package_identification:_identify(/home/uday22/yolobot/models/suv/materials/textures) by extension 'cmake'
[0.329s] Level 1:colcon.colcon_core.package_identification:_identify(/home/uday22/yolobot/models/suv/materials/textures) by extension 'python'
[0.329s] Level 1:colcon.colcon_core.package_identification:_identify(/home/uday22/yolobot/models/suv/materials/textures) by extensions ['python_setup_py']
[0.329s] Level 1:colcon.colcon_core.package_identification:_identify(/home/uday22/yolobot/models/suv/materials/textures) by extension 'python_setup_py'
[0.330s] Level 1:colcon.colcon_core.package_identification:_identify(/home/uday22/yolobot/models/suv/meshes) by extensions ['ignore', 'ignore_ament_install']
[0.330s] Level 1:colcon.colcon_core.package_identification:_identify(/home/uday22/yolobot/models/suv/meshes) by extension 'ignore'
[0.330s] Level 1:colcon.colcon_core.package_identification:_identify(/home/uday22/yolobot/models/suv/meshes) by extension 'ignore_ament_install'
[0.330s] Level 1:colcon.colcon_core.package_identification:_identify(/home/uday22/yolobot/models/suv/meshes) by extensions ['colcon_pkg']
[0.330s] Level 1:colcon.colcon_core.package_identification:_identify(/home/uday22/yolobot/models/suv/meshes) by extension 'colcon_pkg'
[0.330s] Level 1:colcon.colcon_core.package_identification:_identify(/home/uday22/yolobot/models/suv/meshes) by extensions ['colcon_meta']
[0.330s] Level 1:colcon.colcon_core.package_identification:_identify(/home/uday22/yolobot/models/suv/meshes) by extension 'colcon_meta'
[0.330s] Level 1:colcon.colcon_core.package_identification:_identify(/home/uday22/yolobot/models/suv/meshes) by extensions ['ros']
[0.330s] Level 1:colcon.colcon_core.package_identification:_identify(/home/uday22/yolobot/models/suv/meshes) by extension 'ros'
[0.330s] Level 1:colcon.colcon_core.package_identification:_identify(/home/uday22/yolobot/models/suv/meshes) by extensions ['cmake', 'python']
[0.330s] Level 1:colcon.colcon_core.package_identification:_identify(/home/uday22/yolobot/models/suv/meshes) by extension 'cmake'
[0.330s] Level 1:colcon.colcon_core.package_identification:_identify(/home/uday22/yolobot/models/suv/meshes) by extension 'python'
[0.330s] Level 1:colcon.colcon_core.package_identification:_identify(/home/uday22/yolobot/models/suv/meshes) by extensions ['python_setup_py']
[0.330s] Level 1:colcon.colcon_core.package_identification:_identify(/home/uday22/yolobot/models/suv/meshes) by extension 'python_setup_py'
[0.330s] Level 1:colcon.colcon_core.package_identification:_identify(/home/uday22/yolobot/src) by extensions ['ignore', 'ignore_ament_install']
[0.330s] Level 1:colcon.colcon_core.package_identification:_identify(/home/uday22/yolobot/src) by extension 'ignore'
[0.330s] Level 1:colcon.colcon_core.package_identification:_identify(/home/uday22/yolobot/src) by extension 'ignore_ament_install'
[0.330s] Level 1:colcon.colcon_core.package_identification:_identify(/home/uday22/yolobot/src) by extensions ['colcon_pkg']
[0.330s] Level 1:colcon.colcon_core.package_identification:_identify(/home/uday22/yolobot/src) by extension 'colcon_pkg'
[0.330s] Level 1:colcon.colcon_core.package_identification:_identify(/home/uday22/yolobot/src) by extensions ['colcon_meta']
[0.330s] Level 1:colcon.colcon_core.package_identification:_identify(/home/uday22/yolobot/src) by extension 'colcon_meta'
[0.330s] Level 1:colcon.colcon_core.package_identification:_identify(/home/uday22/yolobot/src) by extensions ['ros']
[0.330s] Level 1:colcon.colcon_core.package_identification:_identify(/home/uday22/yolobot/src) by extension 'ros'
[0.331s] Level 1:colcon.colcon_core.package_identification:_identify(/home/uday22/yolobot/src) by extensions ['cmake', 'python']
[0.331s] Level 1:colcon.colcon_core.package_identification:_identify(/home/uday22/yolobot/src) by extension 'cmake'
[0.331s] Level 1:colcon.colcon_core.package_identification:_identify(/home/uday22/yolobot/src) by extension 'python'
[0.331s] Level 1:colcon.colcon_core.package_identification:_identify(/home/uday22/yolobot/src) by extensions ['python_setup_py']
[0.331s] Level 1:colcon.colcon_core.package_identification:_identify(/home/uday22/yolobot/src) by extension 'python_setup_py'
[0.331s] Level 1:colcon.colcon_core.package_identification:_identify(/home/uday22/yolobot/src/yolobot_control) by extensions ['ignore', 'ignore_ament_install']
[0.331s] Level 1:colcon.colcon_core.package_identification:_identify(/home/uday22/yolobot/src/yolobot_control) by extension 'ignore'
[0.331s] Level 1:colcon.colcon_core.package_identification:_identify(/home/uday22/yolobot/src/yolobot_control) by extension 'ignore_ament_install'
[0.331s] Level 1:colcon.colcon_core.package_identification:_identify(/home/uday22/yolobot/src/yolobot_control) by extensions ['colcon_pkg']
[0.331s] Level 1:colcon.colcon_core.package_identification:_identify(/home/uday22/yolobot/src/yolobot_control) by extension 'colcon_pkg'
[0.331s] Level 1:colcon.colcon_core.package_identification:_identify(/home/uday22/yolobot/src/yolobot_control) by extensions ['colcon_meta']
[0.331s] Level 1:colcon.colcon_core.package_identification:_identify(/home/uday22/yolobot/src/yolobot_control) by extension 'colcon_meta'
[0.331s] Level 1:colcon.colcon_core.package_identification:_identify(/home/uday22/yolobot/src/yolobot_control) by extensions ['ros']
[0.331s] Level 1:colcon.colcon_core.package_identification:_identify(/home/uday22/yolobot/src/yolobot_control) by extension 'ros'
[0.333s] DEBUG:colcon.colcon_core.package_identification:Package '/home/uday22/yolobot/src/yolobot_control' with type 'ros.ament_cmake' and name 'yolobot_control'
[0.333s] Level 1:colcon.colcon_core.package_identification:_identify(/home/uday22/yolobot/src/yolobot_description) by extensions ['ignore', 'ignore_ament_install']
[0.333s] Level 1:colcon.colcon_core.package_identification:_identify(/home/uday22/yolobot/src/yolobot_description) by extension 'ignore'
[0.333s] Level 1:colcon.colcon_core.package_identification:_identify(/home/uday22/yolobot/src/yolobot_description) by extension 'ignore_ament_install'
[0.333s] Level 1:colcon.colcon_core.package_identification:_identify(/home/uday22/yolobot/src/yolobot_description) by extensions ['colcon_pkg']
[0.333s] Level 1:colcon.colcon_core.package_identification:_identify(/home/uday22/yolobot/src/yolobot_description) by extension 'colcon_pkg'
[0.333s] Level 1:colcon.colcon_core.package_identification:_identify(/home/uday22/yolobot/src/yolobot_description) by extensions ['colcon_meta']
[0.333s] Level 1:colcon.colcon_core.package_identification:_identify(/home/uday22/yolobot/src/yolobot_description) by extension 'colcon_meta'
[0.333s] Level 1:colcon.colcon_core.package_identification:_identify(/home/uday22/yolobot/src/yolobot_description) by extensions ['ros']
[0.333s] Level 1:colcon.colcon_core.package_identification:_identify(/home/uday22/yolobot/src/yolobot_description) by extension 'ros'
[0.334s] DEBUG:colcon.colcon_core.package_identification:Package '/home/uday22/yolobot/src/yolobot_description' with type 'ros.ament_cmake' and name 'yolobot_description'
[0.334s] Level 1:colcon.colcon_core.package_identification:_identify(/home/uday22/yolobot/src/yolobot_gazebo) by extensions ['ignore', 'ignore_ament_install']
[0.334s] Level 1:colcon.colcon_core.package_identification:_identify(/home/uday22/yolobot/src/yolobot_gazebo) by extension 'ignore'
[0.334s] Level 1:colcon.colcon_core.package_identification:_identify(/home/uday22/yolobot/src/yolobot_gazebo) by extension 'ignore_ament_install'
[0.334s] Level 1:colcon.colcon_core.package_identification:_identify(/home/uday22/yolobot/src/yolobot_gazebo) by extensions ['colcon_pkg']
[0.334s] Level 1:colcon.colcon_core.package_identification:_identify(/home/uday22/yolobot/src/yolobot_gazebo) by extension 'colcon_pkg'
[0.334s] Level 1:colcon.colcon_core.package_identification:_identify(/home/uday22/yolobot/src/yolobot_gazebo) by extensions ['colcon_meta']
[0.334s] Level 1:colcon.colcon_core.package_identification:_identify(/home/uday22/yolobot/src/yolobot_gazebo) by extension 'colcon_meta'
[0.334s] Level 1:colcon.colcon_core.package_identification:_identify(/home/uday22/yolobot/src/yolobot_gazebo) by extensions ['ros']
[0.334s] Level 1:colcon.colcon_core.package_identification:_identify(/home/uday22/yolobot/src/yolobot_gazebo) by extension 'ros'
[0.335s] DEBUG:colcon.colcon_core.package_identification:Package '/home/uday22/yolobot/src/yolobot_gazebo' with type 'ros.ament_cmake' and name 'yolobot_gazebo'
[0.335s] Level 1:colcon.colcon_core.package_identification:_identify(/home/uday22/yolobot/src/yolobot_recognition) by extensions ['ignore', 'ignore_ament_install']
[0.335s] Level 1:colcon.colcon_core.package_identification:_identify(/home/uday22/yolobot/src/yolobot_recognition) by extension 'ignore'
[0.335s] Level 1:colcon.colcon_core.package_identification:_identify(/home/uday22/yolobot/src/yolobot_recognition) by extension 'ignore_ament_install'
[0.335s] Level 1:colcon.colcon_core.package_identification:_identify(/home/uday22/yolobot/src/yolobot_recognition) by extensions ['colcon_pkg']
[0.335s] Level 1:colcon.colcon_core.package_identification:_identify(/home/uday22/yolobot/src/yolobot_recognition) by extension 'colcon_pkg'
[0.335s] Level 1:colcon.colcon_core.package_identification:_identify(/home/uday22/yolobot/src/yolobot_recognition) by extensions ['colcon_meta']
[0.335s] Level 1:colcon.colcon_core.package_identification:_identify(/home/uday22/yolobot/src/yolobot_recognition) by extension 'colcon_meta'
[0.335s] Level 1:colcon.colcon_core.package_identification:_identify(/home/uday22/yolobot/src/yolobot_recognition) by extensions ['ros']
[0.335s] Level 1:colcon.colcon_core.package_identification:_identify(/home/uday22/yolobot/src/yolobot_recognition) by extension 'ros'
[0.335s] DEBUG:colcon.colcon_core.package_identification:Package '/home/uday22/yolobot/src/yolobot_recognition' with type 'ros.ament_cmake' and name 'yolobot_recognition'
[0.335s] Level 1:colcon.colcon_core.package_identification:_identify(/home/uday22/yolobot/src/yolov8_msgs) by extensions ['ignore', 'ignore_ament_install']
[0.336s] Level 1:colcon.colcon_core.package_identification:_identify(/home/uday22/yolobot/src/yolov8_msgs) by extension 'ignore'
[0.336s] Level 1:colcon.colcon_core.package_identification:_identify(/home/uday22/yolobot/src/yolov8_msgs) by extension 'ignore_ament_install'
[0.336s] Level 1:colcon.colcon_core.package_identification:_identify(/home/uday22/yolobot/src/yolov8_msgs) by extensions ['colcon_pkg']
[0.336s] Level 1:colcon.colcon_core.package_identification:_identify(/home/uday22/yolobot/src/yolov8_msgs) by extension 'colcon_pkg'
[0.336s] Level 1:colcon.colcon_core.package_identification:_identify(/home/uday22/yolobot/src/yolov8_msgs) by extensions ['colcon_meta']
[0.336s] Level 1:colcon.colcon_core.package_identification:_identify(/home/uday22/yolobot/src/yolov8_msgs) by extension 'colcon_meta'
[0.336s] Level 1:colcon.colcon_core.package_identification:_identify(/home/uday22/yolobot/src/yolov8_msgs) by extensions ['ros']
[0.336s] Level 1:colcon.colcon_core.package_identification:_identify(/home/uday22/yolobot/src/yolov8_msgs) by extension 'ros'
[0.336s] DEBUG:colcon.colcon_core.package_identification:Package '/home/uday22/yolobot/src/yolov8_msgs' with type 'ros.ament_cmake' and name 'yolov8_msgs'
[0.336s] Level 1:colcon.colcon_core.package_discovery:discover_packages(recursive) using defaults
